TN:
SF:
FNF:0
FNH:0
LF:0
LH:0
BRF:0
BRH:0
end_of_record
TN:
SF:src/elements.js
FN:4,(anonymous_0)
FN:43,initializeElements
FN:86,(anonymous_2)
FN:154,robustElementAccess
FN:155,(anonymous_4)
FN:158,(anonymous_5)
FN:189,waitForElements
FN:192,(anonymous_7)
FN:206,initializeYouTubeElements
FN:221,(anonymous_9)
FN:222,(anonymous_10)
FN:237,initializeYouTubePlayer
FN:254,elementExists
FN:270,safeElementOperation
FNF:14
FNH:2
FNDA:24,(anonymous_0)
FNDA:1,initializeElements
FNDA:0,(anonymous_2)
FNDA:0,robustElementAccess
FNDA:0,(anonymous_4)
FNDA:0,(anonymous_5)
FNDA:0,waitForElements
FNDA:0,(anonymous_7)
FNDA:0,initializeYouTubeElements
FNDA:0,(anonymous_9)
FNDA:0,(anonymous_10)
FNDA:0,initializeYouTubePlayer
FNDA:0,elementExists
FNDA:0,safeElementOperation
DA:4,1
DA:5,24
DA:6,24
DA:7,24
DA:8,24
DA:10,0
DA:14,1
DA:15,1
DA:16,1
DA:19,1
DA:20,1
DA:21,1
DA:22,1
DA:23,1
DA:24,1
DA:25,1
DA:26,1
DA:27,1
DA:28,1
DA:29,1
DA:30,1
DA:32,1
DA:33,1
DA:34,1
DA:35,1
DA:36,1
DA:37,1
DA:38,1
DA:39,1
DA:40,1
DA:41,1
DA:44,1
DA:45,1
DA:47,1
DA:51,1
DA:52,1
DA:53,1
DA:54,1
DA:55,1
DA:56,1
DA:57,1
DA:59,1
DA:60,1
DA:61,1
DA:62,1
DA:64,1
DA:65,1
DA:66,1
DA:67,1
DA:68,1
DA:69,1
DA:71,1
DA:73,1
DA:74,1
DA:75,1
DA:79,1
DA:80,0
DA:82,1
DA:86,1
DA:155,0
DA:156,0
DA:158,0
DA:159,0
DA:161,0
DA:162,0
DA:163,0
DA:166,0
DA:167,0
DA:168,0
DA:171,0
DA:172,0
DA:175,0
DA:178,0
DA:190,0
DA:192,0
DA:193,0
DA:194,0
DA:195,0
DA:198,0
DA:199,0
DA:207,0
DA:210,0
DA:217,0
DA:218,0
DA:220,0
DA:221,0
DA:222,0
DA:224,0
DA:225,0
DA:227,0
DA:230,0
DA:239,0
DA:241,0
DA:242,0
DA:245,0
DA:255,0
DA:256,0
DA:257,0
DA:260,0
DA:275,0
DA:279,0
DA:280,0
DA:283,0
DA:284,0
LF:104
LH:57
BRDA:6,0,0,24
BRDA:6,0,1,0
BRDA:79,1,0,0
BRDA:79,1,1,1
BRDA:154,2,0,0
BRDA:154,3,0,0
BRDA:161,4,0,0
BRDA:161,4,1,0
BRDA:167,5,0,0
BRDA:167,5,1,0
BRDA:189,6,0,0
BRDA:189,7,0,0
BRDA:224,8,0,0
BRDA:224,8,1,0
BRDA:241,9,0,0
BRDA:241,9,1,0
BRDA:254,10,0,0
BRDA:255,11,0,0
BRDA:255,11,1,0
BRDA:273,12,0,0
BRDA:275,13,0,0
BRDA:275,13,1,0
BRDA:279,14,0,0
BRDA:279,14,1,0
BRDA:279,15,0,0
BRDA:279,15,1,0
BRF:26
BRH:2
end_of_record
TN:
SF:src/file-transfer.js
FN:10,(anonymous_0)
FN:18,(anonymous_1)
FN:78,(anonymous_2)
FN:84,(anonymous_3)
FN:122,(anonymous_4)
FN:128,(anonymous_5)
FNF:6
FNH:1
FNDA:7,(anonymous_0)
FNDA:0,(anonymous_1)
FNDA:0,(anonymous_2)
FNDA:0,(anonymous_3)
FNDA:0,(anonymous_4)
FNDA:0,(anonymous_5)
DA:6,3
DA:7,3
DA:11,7
DA:12,7
DA:13,7
DA:14,7
DA:20,0
DA:21,0
DA:27,0
DA:28,0
DA:31,0
DA:32,0
DA:35,0
DA:47,0
DA:48,0
DA:49,0
DA:50,0
DA:53,0
DA:59,0
DA:62,0
DA:63,0
DA:64,0
DA:65,0
DA:66,0
DA:67,0
DA:70,0
DA:72,0
DA:73,0
DA:77,0
DA:78,0
DA:85,0
DA:86,0
DA:88,0
DA:89,0
DA:90,0
DA:91,0
DA:95,0
DA:96,0
DA:97,0
DA:98,0
DA:102,0
DA:103,0
DA:104,0
DA:105,0
DA:108,0
DA:109,0
DA:111,0
DA:112,0
DA:116,0
DA:119,0
DA:122,0
DA:123,0
DA:129,0
DA:130,0
DA:133,0
DA:135,0
DA:136,0
DA:143,0
DA:144,0
DA:150,0
DA:154,0
DA:155,0
DA:157,0
DA:160,0
DA:161,0
LF:65
LH:6
BRDA:20,0,0,0
BRDA:20,0,1,0
BRDA:27,1,0,0
BRDA:27,1,1,0
BRDA:72,2,0,0
BRDA:72,2,1,0
BRDA:85,3,0,0
BRDA:85,3,1,0
BRDA:88,4,0,0
BRDA:88,4,1,0
BRDA:96,5,0,0
BRDA:96,5,1,0
BRDA:103,6,0,0
BRDA:103,6,1,0
BRDA:111,7,0,0
BRDA:111,7,1,0
BRDA:122,8,0,0
BRDA:122,8,1,0
BRDA:135,9,0,0
BRDA:135,9,1,0
BRDA:143,10,0,0
BRDA:143,10,1,0
BRF:22
BRH:0
end_of_record
TN:
SF:src/initSentry.js
FNF:0
FNH:0
DA:3,2
DA:5,2
DA:6,0
DA:13,0
LF:4
LH:2
BRDA:5,0,0,0
BRDA:5,0,1,0
BRF:2
BRH:0
end_of_record
TN:
SF:src/room.js
FN:15,(anonymous_0)
FN:22,(anonymous_1)
FN:73,(anonymous_2)
FN:96,(anonymous_3)
FN:110,(anonymous_4)
FN:118,(anonymous_5)
FN:134,(anonymous_6)
FN:163,(anonymous_7)
FN:200,(anonymous_8)
FN:234,(anonymous_9)
FN:267,(anonymous_10)
FN:281,(anonymous_11)
FN:295,(anonymous_12)
FN:314,(anonymous_13)
FN:317,(anonymous_14)
FN:320,(anonymous_15)
FN:328,(anonymous_16)
FN:334,(anonymous_17)
FNF:18
FNH:5
FNDA:2,(anonymous_0)
FNDA:0,(anonymous_1)
FNDA:0,(anonymous_2)
FNDA:0,(anonymous_3)
FNDA:0,(anonymous_4)
FNDA:2,(anonymous_5)
FNDA:0,(anonymous_6)
FNDA:0,(anonymous_7)
FNDA:0,(anonymous_8)
FNDA:0,(anonymous_9)
FNDA:0,(anonymous_10)
FNDA:0,(anonymous_11)
FNDA:0,(anonymous_12)
FNDA:2,(anonymous_13)
FNDA:1,(anonymous_14)
FNDA:0,(anonymous_15)
FNDA:2,(anonymous_16)
FNDA:0,(anonymous_17)
DA:16,2
DA:23,0
DA:24,0
DA:26,0
DA:33,0
DA:35,0
DA:36,0
DA:45,0
DA:51,0
DA:53,0
DA:59,0
DA:61,0
DA:66,0
DA:74,0
DA:75,0
DA:77,0
DA:78,0
DA:81,0
DA:82,0
DA:83,0
DA:85,0
DA:97,0
DA:98,0
DA:100,0
DA:101,0
DA:104,0
DA:111,0
DA:112,0
DA:119,2
DA:120,2
DA:124,2
DA:135,0
DA:136,0
DA:138,0
DA:140,0
DA:141,0
DA:142,0
DA:144,0
DA:145,0
DA:147,0
DA:156,0
DA:157,0
DA:158,0
DA:159,0
DA:160,0
DA:162,0
DA:163,0
DA:164,0
DA:173,0
DA:183,0
DA:184,0
DA:201,0
DA:203,0
DA:204,0
DA:212,0
DA:213,0
DA:214,0
DA:220,0
DA:226,0
DA:235,0
DA:237,0
DA:238,0
DA:246,0
DA:247,0
DA:248,0
DA:254,0
DA:260,0
DA:268,0
DA:269,0
DA:270,0
DA:282,0
DA:283,0
DA:284,0
DA:296,0
DA:297,0
DA:298,0
DA:315,2
DA:317,2
DA:318,1
DA:320,2
DA:321,0
DA:324,2
DA:325,2
DA:328,2
DA:335,0
LF:85
LH:11
BRDA:22,0,0,0
BRDA:24,1,0,0
BRDA:24,1,1,0
BRDA:77,2,0,0
BRDA:77,2,1,0
BRDA:82,3,0,0
BRDA:82,3,1,0
BRDA:100,4,0,0
BRDA:100,4,1,0
BRDA:118,5,0,2
BRDA:134,6,0,0
BRDA:134,7,0,0
BRDA:134,8,0,0
BRDA:135,9,0,0
BRDA:135,9,1,0
BRDA:136,10,0,0
BRDA:136,10,1,0
BRDA:136,11,0,0
BRDA:136,11,1,0
BRDA:156,12,0,0
BRDA:156,12,1,0
BRDA:159,13,0,0
BRDA:159,13,1,0
BRDA:160,14,0,0
BRDA:160,14,1,0
BRDA:162,15,0,0
BRDA:162,15,1,0
BRDA:183,16,0,0
BRDA:183,16,1,0
BRDA:183,17,0,0
BRDA:183,17,1,0
BRDA:200,18,0,0
BRDA:201,19,0,0
BRDA:201,19,1,0
BRDA:201,20,0,0
BRDA:201,20,1,0
BRDA:224,21,0,0
BRDA:224,21,1,0
BRDA:234,22,0,0
BRDA:235,23,0,0
BRDA:235,23,1,0
BRDA:235,24,0,0
BRDA:235,24,1,0
BRDA:258,25,0,0
BRDA:258,25,1,0
BRF:45
BRH:1
end_of_record
TN:
SF:src/components/base/button/icon-button.js
FN:16,createIconButton
FNF:1
FNH:1
FNDA:2,createIconButton
DA:26,2
DA:32,2
LF:2
LH:2
BRDA:16,0,0,2
BRDA:17,1,0,2
BRDA:18,2,0,2
BRDA:19,3,0,2
BRDA:20,4,0,2
BRDA:21,5,0,2
BRDA:22,6,0,2
BRDA:23,7,0,2
BRDA:24,8,0,2
BRF:9
BRH:9
end_of_record
TN:
SF:src/components/calling/calling-ui.js
FN:19,setOutgoingCallState
FN:38,clearOutgoingCallState
FN:43,(anonymous_2)
FN:49,isOutgoingCallFresh
FN:73,isRoomCallFresh
FN:92,showCallingUI
FN:157,(anonymous_6)
FN:199,(anonymous_7)
FN:230,hideCallingUI
FN:259,onCallAnswered
FN:275,onCallRejected
FNF:11
FNH:0
FNDA:0,setOutgoingCallState
FNDA:0,clearOutgoingCallState
FNDA:0,(anonymous_2)
FNDA:0,isOutgoingCallFresh
FNDA:0,isRoomCallFresh
FNDA:0,showCallingUI
FNDA:0,(anonymous_6)
FNDA:0,(anonymous_7)
FNDA:0,hideCallingUI
FNDA:0,onCallAnswered
FNDA:0,onCallRejected
DA:11,1
DA:13,1
DA:14,1
DA:20,0
DA:21,0
DA:24,0
DA:26,0
DA:27,0
DA:39,0
DA:40,0
DA:42,0
DA:43,0
DA:50,0
DA:52,0
DA:53,0
DA:54,0
DA:55,0
DA:57,0
DA:58,0
DA:60,0
DA:61,0
DA:63,0
DA:64,0
DA:74,0
DA:75,0
DA:76,0
DA:77,0
DA:78,0
DA:79,0
DA:80,0
DA:81,0
DA:82,0
DA:84,0
DA:85,0
DA:93,0
DA:94,0
DA:97,0
DA:100,0
DA:103,0
DA:104,0
DA:105,0
DA:118,0
DA:119,0
DA:128,0
DA:129,0
DA:130,0
DA:136,0
DA:137,0
DA:138,0
DA:144,0
DA:145,0
DA:146,0
DA:157,0
DA:158,0
DA:165,0
DA:166,0
DA:172,0
DA:177,0
DA:178,0
DA:179,0
DA:180,0
DA:183,0
DA:185,0
DA:186,0
DA:187,0
DA:188,0
DA:189,0
DA:192,0
DA:193,0
DA:196,0
DA:199,0
DA:200,0
DA:208,0
DA:209,0
DA:215,0
DA:220,0
DA:221,0
DA:222,0
DA:223,0
DA:232,0
DA:234,0
DA:236,0
DA:238,0
DA:245,0
DA:246,0
DA:247,0
DA:250,0
DA:251,0
DA:252,0
DA:260,0
DA:261,0
DA:262,0
DA:268,0
DA:269,0
DA:276,0
DA:277,0
DA:279,0
DA:284,0
DA:285,0
DA:286,0
LF:100
LH:3
BRDA:19,0,0,0
BRDA:24,1,0,0
BRDA:24,1,1,0
BRDA:40,2,0,0
BRDA:40,2,1,0
BRDA:50,3,0,0
BRDA:50,3,1,0
BRDA:55,4,0,0
BRDA:55,4,1,0
BRDA:58,5,0,0
BRDA:58,5,1,0
BRDA:74,6,0,0
BRDA:74,6,1,0
BRDA:78,7,0,0
BRDA:78,7,1,0
BRDA:80,8,0,0
BRDA:80,8,1,0
BRDA:129,9,0,0
BRDA:129,9,1,0
BRDA:180,10,0,0
BRDA:180,10,1,0
BRDA:223,11,0,0
BRDA:223,11,1,0
BRDA:234,12,0,0
BRDA:234,12,1,0
BRDA:236,13,0,0
BRDA:236,13,1,0
BRDA:245,14,0,0
BRDA:245,14,1,0
BRDA:250,15,0,0
BRDA:250,15,1,0
BRDA:260,16,0,0
BRDA:260,16,1,0
BRDA:261,17,0,0
BRDA:261,17,1,0
BRDA:275,18,0,0
BRDA:277,19,0,0
BRDA:277,19,1,0
BRF:38
BRH:0
end_of_record
TN:
SF:src/components/messages/message-toggle.js
FN:16,createMessageToggle
FN:51,(anonymous_1)
FN:79,(anonymous_2)
FN:91,(anonymous_3)
FN:109,(anonymous_4)
FN:118,(anonymous_5)
FN:126,(anonymous_6)
FNF:7
FNH:1
FNDA:3,createMessageToggle
FNDA:0,(anonymous_1)
FNDA:0,(anonymous_2)
FNDA:0,(anonymous_3)
FNDA:0,(anonymous_4)
FNDA:0,(anonymous_5)
FNDA:0,(anonymous_6)
DA:24,3
DA:25,3
DA:26,3
DA:29,0
DA:30,0
DA:31,0
DA:35,0
DA:52,0
DA:53,0
DA:54,0
DA:62,3
DA:63,0
DA:64,0
DA:66,0
DA:74,0
DA:75,0
DA:76,0
DA:79,0
DA:81,0
DA:82,0
DA:83,0
DA:87,0
DA:88,0
DA:89,0
DA:90,0
DA:91,0
DA:92,0
DA:99,0
DA:102,0
DA:110,0
DA:111,0
DA:112,0
DA:120,0
DA:129,0
DA:130,0
DA:131,0
DA:133,0
DA:136,0
DA:137,0
DA:138,0
LF:40
LH:4
BRDA:16,0,0,3
BRDA:19,1,0,3
BRDA:20,2,0,3
BRDA:21,3,0,3
BRDA:22,4,0,3
BRDA:24,5,0,3
BRDA:24,5,1,0
BRDA:29,6,0,0
BRDA:29,6,1,0
BRDA:57,7,0,0
BRDA:57,7,1,0
BRDA:62,8,0,0
BRDA:62,8,1,3
BRDA:62,9,0,3
BRDA:62,9,1,0
BRDA:62,9,2,0
BRDA:75,10,0,0
BRDA:75,10,1,0
BRDA:76,11,0,0
BRDA:76,11,1,0
BRDA:82,12,0,0
BRDA:82,12,1,0
BRDA:83,13,0,0
BRDA:83,13,1,0
BRDA:87,14,0,0
BRDA:87,14,1,0
BRDA:89,15,0,0
BRDA:89,15,1,0
BRDA:111,16,0,0
BRDA:111,16,1,0
BRDA:111,17,0,0
BRDA:111,17,1,0
BRDA:129,18,0,0
BRDA:129,18,1,0
BRDA:129,19,0,0
BRDA:129,19,1,0
BRDA:136,20,0,0
BRDA:136,20,1,0
BRDA:136,21,0,0
BRDA:136,21,1,0
BRF:40
BRH:8
end_of_record
TN:
SF:src/components/messages/messages-ui.js
FN:7,createMessageBox
FN:69,isOnScreen
FN:84,initMessagesUI
FN:95,(anonymous_3)
FN:141,(anonymous_4)
FN:146,(anonymous_5)
FN:161,(anonymous_6)
FN:178,positionMessagesBox
FN:204,attachRepositionHandlers
FN:214,detachRepositionHandlers
FN:226,(anonymous_10)
FN:227,(anonymous_11)
FN:245,isMessagesUIOpen
FN:249,isMessageInputFocused
FN:253,focusMessageInput
FN:257,unfocusMessageInput
FN:261,toggleMessages
FN:275,(anonymous_17)
FN:303,(anonymous_18)
FN:317,showMessagesToggle
FN:321,hideMessagesToggle
FN:326,appendChatMessage
FN:343,(anonymous_22)
FN:344,(anonymous_23)
FN:363,scrollMessagesToEnd
FN:366,(anonymous_25)
FN:372,receiveMessage
FN:384,(anonymous_27)
FN:398,(anonymous_28)
FN:409,(anonymous_29)
FN:423,clearMessages
FN:437,setSession
FN:448,getCurrentSession
FN:456,setFileTransfer
FN:464,(anonymous_34)
FN:478,cleanup
FNF:36
FNH:1
FNDA:0,createMessageBox
FNDA:0,isOnScreen
FNDA:3,initMessagesUI
FNDA:0,(anonymous_3)
FNDA:0,(anonymous_4)
FNDA:0,(anonymous_5)
FNDA:0,(anonymous_6)
FNDA:0,positionMessagesBox
FNDA:0,attachRepositionHandlers
FNDA:0,detachRepositionHandlers
FNDA:0,(anonymous_10)
FNDA:0,(anonymous_11)
FNDA:0,isMessagesUIOpen
FNDA:0,isMessageInputFocused
FNDA:0,focusMessageInput
FNDA:0,unfocusMessageInput
FNDA:0,toggleMessages
FNDA:0,(anonymous_17)
FNDA:0,(anonymous_18)
FNDA:0,showMessagesToggle
FNDA:0,hideMessagesToggle
FNDA:0,appendChatMessage
FNDA:0,(anonymous_22)
FNDA:0,(anonymous_23)
FNDA:0,scrollMessagesToEnd
FNDA:0,(anonymous_25)
FNDA:0,receiveMessage
FNDA:0,(anonymous_27)
FNDA:0,(anonymous_28)
FNDA:0,(anonymous_29)
FNDA:0,clearMessages
FNDA:0,setSession
FNDA:0,getCurrentSession
FNDA:0,setFileTransfer
FNDA:0,(anonymous_34)
FNDA:0,cleanup
DA:8,0
DA:9,0
DA:28,0
DA:30,0
DA:31,0
DA:32,0
DA:33,0
DA:36,0
DA:37,0
DA:55,0
DA:65,3
DA:70,0
DA:71,0
DA:85,3
DA:86,3
DA:87,3
DA:90,3
DA:93,3
DA:95,0
DA:102,3
DA:103,3
DA:106,3
DA:110,0
DA:119,0
DA:121,0
DA:128,0
DA:129,0
DA:133,0
DA:134,0
DA:135,0
DA:138,0
DA:141,0
DA:142,0
DA:146,0
DA:147,0
DA:148,0
DA:149,0
DA:150,0
DA:152,0
DA:156,0
DA:157,0
DA:158,0
DA:160,0
DA:161,0
DA:162,0
DA:166,0
DA:168,0
DA:169,0
DA:171,0
DA:172,0
DA:173,0
DA:179,0
DA:184,0
DA:186,0
DA:187,0
DA:190,0
DA:191,0
DA:192,0
DA:195,0
DA:196,0
DA:197,0
DA:198,0
DA:200,0
DA:201,0
DA:205,0
DA:206,0
DA:207,0
DA:208,0
DA:209,0
DA:215,0
DA:216,0
DA:217,0
DA:218,0
DA:219,0
DA:223,0
DA:226,0
DA:227,0
DA:228,0
DA:232,0
DA:233,0
DA:235,0
DA:236,0
DA:243,0
DA:246,0
DA:250,0
DA:254,0
DA:258,0
DA:262,0
DA:264,0
DA:267,0
DA:268,0
DA:271,0
DA:272,0
DA:273,0
DA:275,0
DA:276,0
DA:277,0
DA:278,0
DA:282,0
DA:286,0
DA:287,0
DA:289,0
DA:291,0
DA:292,0
DA:293,0
DA:294,0
DA:299,0
DA:301,0
DA:304,0
DA:305,0
DA:308,0
DA:309,0
DA:310,0
DA:311,0
DA:318,0
DA:322,0
DA:327,0
DA:330,0
DA:331,0
DA:332,0
DA:334,0
DA:335,0
DA:336,0
DA:337,0
DA:338,0
DA:339,0
DA:340,0
DA:343,0
DA:344,0
DA:347,0
DA:349,0
DA:352,0
DA:353,0
DA:354,0
DA:355,0
DA:357,0
DA:359,0
DA:362,0
DA:364,0
DA:365,0
DA:366,0
DA:367,0
DA:368,0
DA:373,0
DA:375,0
DA:377,0
DA:378,0
DA:384,0
DA:385,0
DA:386,0
DA:387,0
DA:390,0
DA:391,0
DA:392,0
DA:394,0
DA:398,0
DA:399,0
DA:400,0
DA:409,0
DA:410,0
DA:412,0
DA:413,0
DA:414,0
DA:418,0
DA:424,0
DA:425,0
DA:426,0
DA:428,0
DA:429,0
DA:438,0
DA:439,0
DA:441,0
DA:449,0
DA:457,0
DA:460,0
DA:461,0
DA:464,0
DA:466,0
DA:469,0
DA:474,0
DA:480,0
DA:481,0
DA:484,0
DA:486,0
DA:487,0
DA:488,0
DA:490,0
DA:496,0
DA:499,0
DA:502,0
DA:503,0
DA:507,0
DA:529,3
LF:193
LH:10
BRDA:36,0,0,0
BRDA:36,0,1,0
BRDA:65,1,0,3
BRDA:65,1,1,3
BRDA:65,1,2,3
BRDA:72,2,0,0
BRDA:72,2,1,0
BRDA:72,2,2,0
BRDA:72,2,3,0
BRDA:90,3,0,3
BRDA:90,3,1,3
BRDA:102,4,0,3
BRDA:102,4,1,0
BRDA:121,5,0,0
BRDA:121,5,1,0
BRDA:122,6,0,0
BRDA:122,6,1,0
BRDA:122,6,2,0
BRDA:122,6,3,0
BRDA:122,6,4,0
BRDA:148,7,0,0
BRDA:148,7,1,0
BRDA:148,8,0,0
BRDA:148,8,1,0
BRDA:149,9,0,0
BRDA:149,9,1,0
BRDA:179,10,0,0
BRDA:179,10,1,0
BRDA:180,11,0,0
BRDA:180,11,1,0
BRDA:180,11,2,0
BRDA:192,12,0,0
BRDA:192,12,1,0
BRDA:197,13,0,0
BRDA:197,13,1,0
BRDA:198,14,0,0
BRDA:198,14,1,0
BRDA:205,15,0,0
BRDA:205,15,1,0
BRDA:215,16,0,0
BRDA:215,16,1,0
BRDA:228,17,0,0
BRDA:228,17,1,0
BRDA:229,18,0,0
BRDA:229,18,1,0
BRDA:232,19,0,0
BRDA:232,19,1,0
BRDA:235,20,0,0
BRDA:235,20,1,0
BRDA:254,21,0,0
BRDA:254,21,1,0
BRDA:258,22,0,0
BRDA:258,22,1,0
BRDA:264,23,0,0
BRDA:264,23,1,0
BRDA:267,24,0,0
BRDA:267,24,1,0
BRDA:271,25,0,0
BRDA:271,25,1,0
BRDA:276,26,0,0
BRDA:276,26,1,0
BRDA:286,27,0,0
BRDA:286,27,1,0
BRDA:299,28,0,0
BRDA:299,28,1,0
BRDA:326,29,0,0
BRDA:330,30,0,0
BRDA:330,30,1,0
BRDA:352,31,0,0
BRDA:352,31,1,0
BRDA:354,32,0,0
BRDA:354,32,1,0
BRDA:364,33,0,0
BRDA:364,33,1,0
BRDA:365,34,0,0
BRDA:365,34,1,0
BRDA:375,35,0,0
BRDA:375,35,1,0
BRDA:377,36,0,0
BRDA:377,36,1,0
BRDA:387,37,0,0
BRDA:387,37,1,0
BRDA:390,38,0,0
BRDA:390,38,1,0
BRDA:401,39,0,0
BRDA:401,39,1,0
BRDA:401,39,2,0
BRDA:401,39,3,0
BRDA:410,40,0,0
BRDA:410,40,1,0
BRDA:410,41,0,0
BRDA:410,41,1,0
BRDA:412,42,0,0
BRDA:412,42,1,0
BRDA:412,43,0,0
BRDA:412,43,1,0
BRDA:424,44,0,0
BRDA:424,44,1,0
BRDA:438,45,0,0
BRDA:438,45,1,0
BRDA:438,46,0,0
BRDA:438,46,1,0
BRDA:460,47,0,0
BRDA:460,47,1,0
BRDA:480,48,0,0
BRDA:480,48,1,0
BRDA:486,49,0,0
BRDA:486,49,1,0
BRDA:502,50,0,0
BRDA:502,50,1,0
BRDA:502,51,0,0
BRDA:502,51,1,0
BRF:112
BRH:6
end_of_record
TN:
SF:src/components/ui/call-mode.js
FN:39,(anonymous_0)
FN:41,(anonymous_1)
FN:56,(anonymous_2)
FN:97,(anonymous_3)
FN:108,(anonymous_4)
FN:118,(anonymous_5)
FN:125,(anonymous_6)
FN:135,(anonymous_7)
FN:166,cleanupCallModeUI
FN:168,(anonymous_9)
FNF:10
FNH:0
FNDA:0,(anonymous_0)
FNDA:0,(anonymous_1)
FNDA:0,(anonymous_2)
FNDA:0,(anonymous_3)
FNDA:0,(anonymous_4)
FNDA:0,(anonymous_5)
FNDA:0,(anonymous_6)
FNDA:0,(anonymous_7)
FNDA:0,cleanupCallModeUI
FNDA:0,(anonymous_9)
DA:31,1
DA:32,1
DA:33,1
DA:34,1
DA:35,1
DA:36,1
DA:39,1
DA:41,1
DA:42,0
DA:45,0
DA:52,0
DA:53,0
DA:54,0
DA:57,0
DA:58,0
DA:63,0
DA:67,0
DA:69,0
DA:71,0
DA:72,0
DA:73,0
DA:75,0
DA:76,0
DA:78,0
DA:79,0
DA:81,0
DA:82,0
DA:83,0
DA:84,0
DA:85,0
DA:86,0
DA:88,0
DA:90,0
DA:96,0
DA:97,0
DA:98,0
DA:99,0
DA:100,0
DA:103,0
DA:108,0
DA:109,0
DA:114,0
DA:117,0
DA:118,0
DA:120,0
DA:125,0
DA:126,0
DA:131,0
DA:135,1
DA:136,0
DA:137,0
DA:139,0
DA:140,0
DA:141,0
DA:142,0
DA:144,0
DA:145,0
DA:147,0
DA:149,0
DA:150,0
DA:151,0
DA:152,0
DA:153,0
DA:154,0
DA:156,0
DA:157,0
DA:158,0
DA:161,0
DA:162,0
DA:168,0
DA:169,0
DA:172,0
DA:173,0
DA:176,0
DA:177,0
DA:178,0
LF:76
LH:9
BRDA:42,0,0,0
BRDA:42,0,1,0
BRDA:45,1,0,0
BRDA:45,1,1,0
BRDA:46,2,0,0
BRDA:46,2,1,0
BRDA:46,2,2,0
BRDA:46,2,3,0
BRDA:52,3,0,0
BRDA:52,3,1,0
BRDA:88,4,0,0
BRDA:88,4,1,0
BRDA:96,5,0,0
BRDA:96,5,1,0
BRDA:98,6,0,0
BRDA:98,6,1,0
BRDA:117,7,0,0
BRDA:117,7,1,0
BRDA:136,8,0,0
BRDA:136,8,1,0
BRDA:156,9,0,0
BRDA:156,9,1,0
BRDA:176,10,0,0
BRDA:176,10,1,0
BRF:24
BRH:0
end_of_record
TN:
SF:src/components/ui/watch-mode.js
FN:40,(anonymous_0)
FN:52,isPiPSupported
FN:60,enterWatchMode
FN:113,(anonymous_3)
FN:118,(anonymous_4)
FN:131,exitWatchMode
FN:151,(anonymous_6)
FNF:7
FNH:0
FNDA:0,(anonymous_0)
FNDA:0,isPiPSupported
FNDA:0,enterWatchMode
FNDA:0,(anonymous_3)
FNDA:0,(anonymous_4)
FNDA:0,exitWatchMode
FNDA:0,(anonymous_6)
DA:40,1
DA:41,0
DA:43,0
DA:44,0
DA:53,0
DA:61,0
DA:62,0
DA:65,0
DA:66,0
DA:69,0
DA:70,0
DA:72,0
DA:73,0
DA:74,0
DA:76,0
DA:77,0
DA:78,0
DA:79,0
DA:83,0
DA:84,0
DA:87,0
DA:89,0
DA:91,0
DA:92,0
DA:93,0
DA:95,0
DA:96,0
DA:97,0
DA:99,0
DA:103,0
DA:104,0
DA:106,0
DA:107,0
DA:108,0
DA:109,0
DA:111,0
DA:115,0
DA:116,0
DA:119,0
DA:121,0
DA:122,0
DA:126,0
DA:127,0
DA:132,0
DA:135,0
DA:137,0
DA:138,0
DA:139,0
DA:140,0
DA:141,0
DA:142,0
DA:144,0
DA:145,0
DA:147,0
DA:149,0
DA:150,0
DA:151,0
DA:152,0
DA:156,0
DA:157,0
DA:160,0
DA:161,0
DA:162,0
DA:164,0
DA:165,0
DA:167,0
DA:168,0
DA:171,0
LF:68
LH:1
BRDA:41,0,0,0
BRDA:41,0,1,0
BRDA:45,1,0,0
BRDA:45,1,1,0
BRDA:45,1,2,0
BRDA:45,1,3,0
BRDA:54,2,0,0
BRDA:54,2,1,0
BRDA:54,2,2,0
BRDA:61,3,0,0
BRDA:61,3,1,0
BRDA:72,4,0,0
BRDA:72,4,1,0
BRDA:91,5,0,0
BRDA:91,5,1,0
BRDA:95,6,0,0
BRDA:95,6,1,0
BRDA:106,7,0,0
BRDA:106,7,1,0
BRDA:109,8,0,0
BRDA:109,8,1,0
BRDA:132,9,0,0
BRDA:132,9,1,0
BRDA:149,10,0,0
BRDA:149,10,1,0
BRDA:150,11,0,0
BRDA:150,11,1,0
BRDA:160,12,0,0
BRDA:160,12,1,0
BRF:29
BRH:0
end_of_record
TN:
SF:src/file-transfer/chunk-processor.js
FN:11,convertToArrayBuffer
FN:51,parseEmbeddedChunkPacket
FN:104,validateChunk
FNF:3
FNH:2
FNDA:5,convertToArrayBuffer
FNDA:4,parseEmbeddedChunkPacket
FNDA:0,validateChunk
DA:12,5
DA:13,1
DA:14,4
DA:15,2
DA:16,2
DA:17,2
DA:19,0
DA:20,0
DA:22,2
DA:23,1
DA:25,1
DA:28,1
DA:29,1
DA:30,1
DA:32,0
DA:33,0
DA:36,1
DA:40,1
DA:52,4
DA:53,4
DA:56,4
DA:57,1
DA:61,1
DA:65,3
DA:66,3
DA:69,3
DA:70,3
DA:71,1
DA:77,1
DA:81,2
DA:82,2
DA:83,2
DA:86,2
DA:87,2
DA:89,2
DA:91,0
DA:92,0
DA:105,0
DA:106,0
DA:107,0
DA:110,0
DA:111,0
DA:117,0
DA:120,0
DA:124,0
DA:130,0
DA:133,0
LF:47
LH:31
BRDA:12,0,0,1
BRDA:12,0,1,4
BRDA:14,1,0,2
BRDA:14,1,1,2
BRDA:22,2,0,1
BRDA:22,2,1,1
BRDA:22,3,0,2
BRDA:22,3,1,1
BRDA:25,4,0,1
BRDA:25,4,1,0
BRDA:56,5,0,1
BRDA:56,5,1,3
BRDA:70,6,0,1
BRDA:70,6,1,2
BRDA:105,7,0,0
BRDA:105,7,1,0
BRDA:110,8,0,0
BRDA:110,8,1,0
BRDA:120,9,0,0
BRDA:120,9,1,0
BRDA:121,10,0,0
BRDA:121,10,1,0
BRF:22
BRH:13
end_of_record
TN:
SF:src/file-transfer/config.js
FNF:0
FNH:0
DA:11,3
LF:1
LH:1
BRF:0
BRH:0
end_of_record
TN:
SF:src/file-transfer/file-assembler.js
FN:17,validateAssembly
FN:22,(anonymous_1)
FN:51,getAssemblyStats
FN:57,(anonymous_3)
FNF:4
FNH:0
FNDA:0,validateAssembly
FNDA:0,(anonymous_1)
FNDA:0,getAssemblyStats
FNDA:0,(anonymous_3)
DA:7,3
DA:18,0
DA:19,0
DA:20,0
DA:22,0
DA:23,0
DA:24,0
DA:25,0
DA:27,0
DA:31,0
DA:33,0
DA:36,0
DA:52,0
DA:53,0
DA:54,0
DA:55,0
DA:57,0
DA:58,0
DA:59,0
DA:60,0
DA:61,0
DA:63,0
DA:64,0
DA:69,0
DA:71,0
LF:25
LH:1
BRDA:23,0,0,0
BRDA:23,0,1,0
BRDA:33,1,0,0
BRDA:33,1,1,0
BRDA:58,2,0,0
BRDA:58,2,1,0
BRDA:63,3,0,0
BRDA:63,3,1,0
BRDA:69,4,0,0
BRDA:69,4,1,0
BRF:10
BRH:0
end_of_record
TN:
SF:src/firebase/auth.js
FN:26,(anonymous_0)
FN:57,(anonymous_1)
FN:72,isSafariExternalOpenArmed
FN:80,setSafariExternalOpenArmed
FN:84,openInSafariExternal
FN:98,(anonymous_5)
FN:104,loadGuestFromLocalStorage
FN:126,persistGuestToLocalStorage
FN:148,getUserId
FN:170,getCurrentUser
FN:178,isLoggedIn
FN:186,getLoggedInUserId
FN:196,getCurrentUserAsync
FN:197,(anonymous_13)
FN:199,(anonymous_14)
FN:214,onAuthChange
FN:215,(anonymous_16)
FN:225,(anonymous_17)
FN:241,signInWithGoogle
FN:250,(anonymous_19)
FN:362,(anonymous_20)
FN:375,(anonymous_21)
FN:396,signOutUser
FN:401,(anonymous_23)
FNF:24
FNH:2
FNDA:3,(anonymous_0)
FNDA:0,(anonymous_1)
FNDA:0,isSafariExternalOpenArmed
FNDA:0,setSafariExternalOpenArmed
FNDA:0,openInSafariExternal
FNDA:0,(anonymous_5)
FNDA:0,loadGuestFromLocalStorage
FNDA:0,persistGuestToLocalStorage
FNDA:0,getUserId
FNDA:0,getCurrentUser
FNDA:0,isLoggedIn
FNDA:4,getLoggedInUserId
FNDA:0,getCurrentUserAsync
FNDA:0,(anonymous_13)
FNDA:0,(anonymous_14)
FNDA:0,onAuthChange
FNDA:0,(anonymous_16)
FNDA:0,(anonymous_17)
FNDA:0,signInWithGoogle
FNDA:0,(anonymous_19)
FNDA:0,(anonymous_20)
FNDA:0,(anonymous_21)
FNDA:0,signOutUser
FNDA:0,(anonymous_23)
DA:22,3
DA:26,3
DA:28,3
DA:29,3
DA:31,0
DA:32,0
DA:34,0
DA:41,3
DA:42,3
DA:43,3
DA:44,0
DA:51,0
DA:54,3
DA:57,3
DA:58,0
DA:59,0
DA:60,0
DA:66,3
DA:73,0
DA:81,0
DA:85,0
DA:86,0
DA:87,0
DA:88,0
DA:89,0
DA:91,0
DA:92,0
DA:93,0
DA:97,3
DA:98,3
DA:101,3
DA:102,3
DA:105,0
DA:107,0
DA:110,0
DA:111,0
DA:112,0
DA:113,0
DA:115,0
DA:116,0
DA:118,0
DA:120,0
DA:122,0
DA:127,0
DA:128,0
DA:133,0
DA:134,0
DA:135,0
DA:138,0
DA:149,0
DA:150,0
DA:151,0
DA:154,0
DA:155,0
DA:156,0
DA:157,0
DA:159,0
DA:160,0
DA:163,0
DA:171,0
DA:179,0
DA:187,4
DA:197,0
DA:199,0
DA:200,0
DA:201,0
DA:215,0
DA:216,0
DA:217,0
DA:219,0
DA:224,0
DA:225,0
DA:226,0
DA:230,0
DA:231,0
DA:235,0
DA:236,0
DA:242,0
DA:245,0
DA:250,0
DA:251,0
DA:252,0
DA:260,0
DA:264,0
DA:266,0
DA:269,0
DA:270,0
DA:271,0
DA:272,0
DA:278,0
DA:279,0
DA:281,0
DA:282,0
DA:284,0
DA:285,0
DA:287,0
DA:288,0
DA:290,0
DA:291,0
DA:294,0
DA:298,0
DA:299,0
DA:303,0
DA:308,0
DA:311,0
DA:312,0
DA:315,0
DA:319,0
DA:320,0
DA:323,0
DA:327,0
DA:329,0
DA:331,0
DA:339,0
DA:341,0
DA:342,0
DA:357,0
DA:362,0
DA:365,0
DA:368,0
DA:371,0
DA:375,3
DA:376,0
DA:377,0
DA:379,0
DA:381,0
DA:386,0
DA:387,0
DA:388,0
DA:389,0
DA:391,0
DA:392,0
DA:397,0
DA:398,0
DA:399,0
DA:400,0
DA:401,0
DA:403,0
DA:405,0
LF:139
LH:16
BRDA:43,0,0,0
BRDA:43,0,1,3
BRDA:46,1,0,0
BRDA:46,1,1,0
BRDA:107,2,0,0
BRDA:107,2,1,0
BRDA:110,3,0,0
BRDA:110,3,1,0
BRDA:112,4,0,0
BRDA:112,4,1,0
BRDA:112,5,0,0
BRDA:112,5,1,0
BRDA:112,5,2,0
BRDA:113,6,0,0
BRDA:113,6,1,0
BRDA:113,7,0,0
BRDA:113,7,1,0
BRDA:126,8,0,0
BRDA:134,9,0,0
BRDA:134,9,1,0
BRDA:150,10,0,0
BRDA:150,10,1,0
BRDA:154,11,0,0
BRDA:154,11,1,0
BRDA:156,12,0,0
BRDA:156,12,1,0
BRDA:156,13,0,0
BRDA:156,13,1,0
BRDA:187,14,0,4
BRDA:187,14,1,4
BRDA:214,15,0,0
BRDA:214,16,0,0
BRDA:217,17,0,0
BRDA:217,17,1,0
BRDA:219,18,0,0
BRDA:219,18,1,0
BRDA:219,19,0,0
BRDA:219,19,1,0
BRDA:224,20,0,0
BRDA:224,20,1,0
BRDA:235,21,0,0
BRDA:235,21,1,0
BRDA:253,22,0,0
BRDA:253,22,1,0
BRDA:253,22,2,0
BRDA:253,22,3,0
BRDA:253,22,4,0
BRDA:264,23,0,0
BRDA:264,23,1,0
BRDA:264,24,0,0
BRDA:264,24,1,0
BRDA:269,25,0,0
BRDA:269,25,1,0
BRDA:269,26,0,0
BRDA:269,26,1,0
BRDA:290,27,0,0
BRDA:290,27,1,0
BRDA:291,28,0,0
BRDA:291,28,1,0
BRDA:294,29,0,0
BRDA:294,29,1,0
BRDA:295,30,0,0
BRDA:295,30,1,0
BRDA:303,31,0,0
BRDA:303,31,1,0
BRDA:304,32,0,0
BRDA:304,32,1,0
BRDA:304,32,2,0
BRDA:319,33,0,0
BRDA:319,33,1,0
BRDA:336,34,0,0
BRDA:336,34,1,0
BRDA:339,35,0,0
BRDA:339,35,1,0
BRDA:341,36,0,0
BRDA:341,36,1,0
BRDA:345,37,0,0
BRDA:345,37,1,0
BRDA:357,38,0,0
BRDA:357,38,1,0
BRDA:358,39,0,0
BRDA:358,39,1,0
BRDA:358,39,2,0
BRF:83
BRH:3
end_of_record
TN:
SF:src/firebase/firebase.js
FN:76,(anonymous_0)
FNF:1
FNH:0
FNDA:0,(anonymous_0)
DA:14,5
DA:17,5
DA:18,0
DA:24,0
DA:25,0
DA:31,0
DA:32,0
DA:42,5
DA:53,5
DA:59,5
DA:63,5
DA:67,0
DA:68,0
DA:69,0
DA:75,0
DA:79,0
DA:82,0
DA:93,5
DA:96,5
DA:97,5
DA:101,0
DA:105,0
DA:110,5
DA:111,5
DA:112,5
DA:117,0
LF:26
LH:12
BRDA:17,0,0,0
BRDA:17,0,1,5
BRDA:17,1,0,5
BRDA:17,1,1,0
BRDA:18,2,0,0
BRDA:18,2,1,0
BRDA:19,3,0,0
BRDA:19,3,1,0
BRDA:63,4,0,0
BRDA:63,4,1,5
BRDA:67,5,0,0
BRDA:67,5,1,0
BRDA:67,6,0,0
BRDA:67,6,1,0
BRDA:93,7,0,5
BRDA:93,7,1,0
BRDA:93,8,0,5
BRDA:93,8,1,5
BRDA:110,9,0,5
BRDA:110,9,1,0
BRF:20
BRH:7
end_of_record
TN:
SF:src/firebase/onetap.js
FN:13,suppressFedCMAbortErrors
FN:18,(anonymous_1)
FN:50,onOneTapStatusChange
FN:56,(anonymous_3)
FN:59,notifyOneTapStatus
FN:67,(anonymous_5)
FN:76,initOneTap
FN:90,(anonymous_7)
FN:112,showOneTapSignin
FN:145,(anonymous_9)
FN:169,handleOneTapCredential
FN:205,cancelOneTap
FNF:12
FNH:0
FNDA:0,suppressFedCMAbortErrors
FNDA:0,(anonymous_1)
FNDA:0,onOneTapStatusChange
FNDA:0,(anonymous_3)
FNDA:0,notifyOneTapStatus
FNDA:0,(anonymous_5)
FNDA:0,initOneTap
FNDA:0,(anonymous_7)
FNDA:0,showOneTapSignin
FNDA:0,(anonymous_9)
FNDA:0,handleOneTapCredential
FNDA:0,cancelOneTap
DA:5,3
DA:7,3
DA:15,0
DA:17,0
DA:18,0
DA:19,0
DA:22,0
DA:28,0
DA:32,0
DA:38,0
DA:42,0
DA:51,0
DA:55,0
DA:56,0
DA:60,0
DA:67,0
DA:68,0
DA:69,0
DA:71,0
DA:77,0
DA:79,0
DA:80,0
DA:83,0
DA:86,0
DA:87,0
DA:90,0
DA:91,0
DA:94,0
DA:98,0
DA:100,0
DA:113,0
DA:115,0
DA:116,0
DA:117,0
DA:118,0
DA:121,0
DA:122,0
DA:123,0
DA:136,0
DA:137,0
DA:138,0
DA:142,0
DA:143,0
DA:145,0
DA:146,0
DA:149,0
DA:150,0
DA:152,0
DA:153,0
DA:154,0
DA:155,0
DA:156,0
DA:157,0
DA:158,0
DA:159,0
DA:160,0
DA:170,0
DA:171,0
DA:172,0
DA:175,0
DA:178,0
DA:180,0
DA:183,0
DA:185,0
DA:187,0
DA:188,0
DA:191,0
DA:192,0
DA:196,0
DA:206,0
DA:207,0
LF:71
LH:2
BRDA:15,0,0,0
BRDA:15,0,1,0
BRDA:22,1,0,0
BRDA:22,1,1,0
BRDA:23,2,0,0
BRDA:23,2,1,0
BRDA:23,2,2,0
BRDA:32,3,0,0
BRDA:32,3,1,0
BRDA:33,4,0,0
BRDA:33,4,1,0
BRDA:33,4,2,0
BRDA:79,5,0,0
BRDA:79,5,1,0
BRDA:86,6,0,0
BRDA:86,6,1,0
BRDA:86,7,0,0
BRDA:86,7,1,0
BRDA:115,8,0,0
BRDA:115,8,1,0
BRDA:121,9,0,0
BRDA:121,9,1,0
BRDA:136,10,0,0
BRDA:136,10,1,0
BRDA:152,11,0,0
BRDA:152,11,1,0
BRDA:155,12,0,0
BRDA:155,12,1,0
BRDA:158,13,0,0
BRDA:158,13,1,0
BRDA:187,14,0,0
BRDA:187,14,1,0
BRDA:188,15,0,0
BRDA:188,15,1,0
BRDA:191,16,0,0
BRDA:191,16,1,0
BRDA:206,17,0,0
BRDA:206,17,1,0
BRDA:206,18,0,0
BRDA:206,18,1,0
BRF:40
BRH:0
end_of_record
TN:
SF:src/firebase/presence.js
FN:17,initializePresence
FN:47,setOffline
FN:71,watchUserPresence
FN:74,(anonymous_3)
FNF:4
FNH:0
FNDA:0,initializePresence
FNDA:0,setOffline
FNDA:0,watchUserPresence
FNDA:0,(anonymous_3)
DA:11,3
DA:18,0
DA:19,0
DA:21,0
DA:23,0
DA:25,0
DA:31,0
DA:37,0
DA:38,0
DA:40,0
DA:48,0
DA:49,0
DA:51,0
DA:53,0
DA:54,0
DA:59,0
DA:61,0
DA:72,0
DA:74,0
DA:75,0
DA:76,0
DA:80,0
LF:22
LH:1
BRDA:19,0,0,0
BRDA:19,0,1,0
BRDA:19,1,0,0
BRDA:19,1,1,0
BRDA:49,2,0,0
BRDA:49,2,1,0
BRDA:76,3,0,0
BRDA:76,3,1,0
BRF:8
BRH:0
end_of_record
TN:
SF:src/firebase/watch-sync.js
FN:38,(anonymous_0)
FN:39,(anonymous_1)
FN:41,(anonymous_2)
FN:42,(anonymous_3)
FN:60,updateWatchSyncState
FN:80,setupWatchSync
FN:100,handleWatchUpdate
FN:122,handleRemoteUrlChange
FN:140,handleYouTubeSync
FN:148,syncYouTubePlaybackState
FN:170,syncYouTubeCurrentTime
FN:180,(anonymous_11)
FN:188,debounceSeekSync
FN:192,(anonymous_13)
FN:205,handleRegularVideoSync
FN:208,(anonymous_15)
FN:219,(anonymous_16)
FN:230,setupLocalVideoListeners
FN:231,(anonymous_18)
FN:239,(anonymous_19)
FN:247,(anonymous_20)
FN:263,loadStream
FN:300,handleVideoSelection
FN:320,loadYouTubeVideoWithSync
FN:337,(anonymous_24)
FN:352,(anonymous_25)
FN:364,(anonymous_26)
FNF:27
FNH:0
FNDA:0,(anonymous_0)
FNDA:0,(anonymous_1)
FNDA:0,(anonymous_2)
FNDA:0,(anonymous_3)
FNDA:0,updateWatchSyncState
FNDA:0,setupWatchSync
FNDA:0,handleWatchUpdate
FNDA:0,handleRemoteUrlChange
FNDA:0,handleYouTubeSync
FNDA:0,syncYouTubePlaybackState
FNDA:0,syncYouTubeCurrentTime
FNDA:0,(anonymous_11)
FNDA:0,debounceSeekSync
FNDA:0,(anonymous_13)
FNDA:0,handleRegularVideoSync
FNDA:0,(anonymous_15)
FNDA:0,(anonymous_16)
FNDA:0,setupLocalVideoListeners
FNDA:0,(anonymous_18)
FNDA:0,(anonymous_19)
FNDA:0,(anonymous_20)
FNDA:0,loadStream
FNDA:0,handleVideoSelection
FNDA:0,loadYouTubeVideoWithSync
FNDA:0,(anonymous_24)
FNDA:0,(anonymous_25)
FNDA:0,(anonymous_26)
DA:30,1
DA:31,1
DA:33,1
DA:34,1
DA:36,1
DA:38,1
DA:39,1
DA:41,1
DA:42,1
DA:43,0
DA:44,0
DA:46,0
DA:53,1
DA:54,1
DA:55,1
DA:61,0
DA:63,0
DA:65,0
DA:66,0
DA:67,0
DA:72,0
DA:81,0
DA:83,0
DA:84,0
DA:86,0
DA:88,0
DA:90,0
DA:92,0
DA:93,0
DA:101,0
DA:102,0
DA:103,0
DA:104,0
DA:107,0
DA:108,0
DA:112,0
DA:113,0
DA:115,0
DA:123,0
DA:125,0
DA:126,0
DA:127,0
DA:128,0
DA:130,0
DA:131,0
DA:132,0
DA:133,0
DA:141,0
DA:142,0
DA:144,0
DA:145,0
DA:149,0
DA:150,0
DA:153,0
DA:154,0
DA:155,0
DA:158,0
DA:161,0
DA:162,0
DA:163,0
DA:164,0
DA:165,0
DA:166,0
DA:171,0
DA:173,0
DA:174,0
DA:176,0
DA:177,0
DA:180,0
DA:181,0
DA:182,0
DA:183,0
DA:189,0
DA:190,0
DA:192,0
DA:193,0
DA:194,0
DA:195,0
DA:206,0
DA:207,0
DA:208,0
DA:209,0
DA:210,0
DA:214,0
DA:215,0
DA:216,0
DA:217,0
DA:218,0
DA:219,0
DA:221,0
DA:231,0
DA:232,0
DA:233,0
DA:234,0
DA:236,0
DA:239,0
DA:240,0
DA:241,0
DA:242,0
DA:244,0
DA:247,0
DA:248,0
DA:249,0
DA:250,0
DA:256,0
DA:264,0
DA:266,0
DA:268,0
DA:269,0
DA:270,0
DA:271,0
DA:273,0
DA:275,0
DA:277,0
DA:278,0
DA:280,0
DA:283,0
DA:284,0
DA:285,0
DA:294,0
DA:301,0
DA:302,0
DA:303,0
DA:306,0
DA:308,0
DA:310,0
DA:312,0
DA:321,0
DA:322,0
DA:326,0
DA:328,0
DA:329,0
DA:330,0
DA:333,0
DA:335,0
DA:338,0
DA:341,0
DA:342,0
DA:343,0
DA:353,0
DA:354,0
DA:356,0
DA:357,0
DA:358,0
DA:361,0
DA:362,0
DA:363,0
DA:364,0
DA:365,0
DA:367,0
DA:368,0
DA:370,0
DA:375,0
DA:379,0
DA:380,0
DA:384,0
DA:385,0
DA:393,0
DA:395,0
DA:396,0
LF:160
LH:12
BRDA:43,0,0,0
BRDA:43,0,1,0
BRDA:61,1,0,0
BRDA:61,1,1,0
BRDA:81,2,0,0
BRDA:81,2,1,0
BRDA:92,3,0,0
BRDA:92,3,1,0
BRDA:102,4,0,0
BRDA:102,4,1,0
BRDA:103,5,0,0
BRDA:103,5,1,0
BRDA:104,6,0,0
BRDA:104,6,1,0
BRDA:107,7,0,0
BRDA:107,7,1,0
BRDA:107,8,0,0
BRDA:107,8,1,0
BRDA:112,9,0,0
BRDA:112,9,1,0
BRDA:125,10,0,0
BRDA:125,10,1,0
BRDA:142,11,0,0
BRDA:142,11,1,0
BRDA:142,12,0,0
BRDA:142,12,1,0
BRDA:153,13,0,0
BRDA:153,13,1,0
BRDA:158,14,0,0
BRDA:158,14,1,0
BRDA:161,15,0,0
BRDA:161,15,1,0
BRDA:161,16,0,0
BRDA:161,16,1,0
BRDA:164,17,0,0
BRDA:164,17,1,0
BRDA:164,18,0,0
BRDA:164,18,1,0
BRDA:171,19,0,0
BRDA:171,19,1,0
BRDA:176,20,0,0
BRDA:176,20,1,0
BRDA:176,21,0,0
BRDA:176,21,1,0
BRDA:181,22,0,0
BRDA:181,22,1,0
BRDA:206,23,0,0
BRDA:206,23,1,0
BRDA:207,24,0,0
BRDA:207,24,1,0
BRDA:207,25,0,0
BRDA:207,25,1,0
BRDA:209,26,0,0
BRDA:209,26,1,0
BRDA:209,27,0,0
BRDA:209,27,1,0
BRDA:214,28,0,0
BRDA:214,28,1,0
BRDA:216,29,0,0
BRDA:216,29,1,0
BRDA:218,30,0,0
BRDA:218,30,1,0
BRDA:232,31,0,0
BRDA:232,31,1,0
BRDA:232,32,0,0
BRDA:232,32,1,0
BRDA:240,33,0,0
BRDA:240,33,1,0
BRDA:240,34,0,0
BRDA:240,34,1,0
BRDA:248,35,0,0
BRDA:248,35,1,0
BRDA:248,36,0,0
BRDA:248,36,1,0
BRDA:264,37,0,0
BRDA:264,37,1,0
BRDA:268,38,0,0
BRDA:268,38,1,0
BRDA:271,39,0,0
BRDA:271,39,1,0
BRDA:283,40,0,0
BRDA:283,40,1,0
BRDA:301,41,0,0
BRDA:301,41,1,0
BRDA:301,42,0,0
BRDA:301,42,1,0
BRDA:321,43,0,0
BRDA:321,43,1,0
BRDA:322,44,0,0
BRDA:322,44,1,0
BRDA:328,45,0,0
BRDA:328,45,1,0
BRDA:341,46,0,0
BRDA:341,46,1,0
BRDA:354,47,0,0
BRDA:354,47,1,0
BRDA:361,48,0,0
BRDA:361,48,1,0
BRDA:363,49,0,0
BRDA:363,49,1,0
BRDA:379,50,0,0
BRDA:379,50,1,0
BRDA:379,51,0,0
BRDA:379,51,1,0
BRDA:384,52,0,0
BRDA:384,52,1,0
BRDA:384,53,0,0
BRDA:384,53,1,0
BRDA:384,53,2,0
BRF:109
BRH:0
end_of_record
TN:
SF:src/media/state.js
FN:8,getFacingMode
FN:12,setFacingMode
FN:20,hasRemoteStream
FN:24,getRemoteStream
FN:32,setRemoteStream
FN:36,cleanupRemoteStream
FN:38,(anonymous_6)
FN:47,hasLocalStream
FN:51,getLocalStream
FN:60,setLocalStream
FN:64,cleanupLocalStream
FN:66,(anonymous_11)
FN:75,getLocalVideoOnlyStream
FN:79,setLocalVideoOnlyStream
FN:83,cleanupLocalVideoOnlyStream
FN:95,cleanupAllStreams
FNF:16
FNH:1
FNDA:0,getFacingMode
FNDA:0,setFacingMode
FNDA:0,hasRemoteStream
FNDA:0,getRemoteStream
FNDA:0,setRemoteStream
FNDA:0,cleanupRemoteStream
FNDA:0,(anonymous_6)
FNDA:0,hasLocalStream
FNDA:0,getLocalStream
FNDA:0,setLocalStream
FNDA:16,cleanupLocalStream
FNDA:0,(anonymous_11)
FNDA:0,getLocalVideoOnlyStream
FNDA:0,setLocalVideoOnlyStream
FNDA:0,cleanupLocalVideoOnlyStream
FNDA:0,cleanupAllStreams
DA:3,3
DA:4,3
DA:5,3
DA:6,3
DA:9,0
DA:13,0
DA:21,0
DA:25,0
DA:26,0
DA:27,0
DA:29,0
DA:33,0
DA:37,0
DA:38,0
DA:39,0
DA:48,0
DA:52,0
DA:53,0
DA:54,0
DA:55,0
DA:57,0
DA:61,0
DA:65,16
DA:66,0
DA:67,0
DA:76,0
DA:80,0
DA:86,0
DA:87,0
DA:96,0
DA:97,0
DA:98,0
DA:99,0
LF:33
LH:5
BRDA:25,0,0,0
BRDA:25,0,1,0
BRDA:25,1,0,0
BRDA:25,1,1,0
BRDA:37,2,0,0
BRDA:37,2,1,0
BRDA:52,3,0,0
BRDA:52,3,1,0
BRDA:52,4,0,0
BRDA:52,4,1,0
BRDA:65,5,0,0
BRDA:65,5,1,16
BRDA:86,6,0,0
BRDA:86,6,1,0
BRF:14
BRH:1
end_of_record
TN:
SF:src/media/audio/audio-player.js
FN:16,(anonymous_0)
FN:24,(anonymous_1)
FN:30,(anonymous_2)
FN:34,(anonymous_3)
FN:38,(anonymous_4)
FN:48,(anonymous_5)
FN:80,(anonymous_6)
FN:91,(anonymous_7)
FN:102,(anonymous_8)
FN:112,(anonymous_9)
FN:120,(anonymous_10)
FNF:11
FNH:0
FNDA:0,(anonymous_0)
FNDA:0,(anonymous_1)
FNDA:0,(anonymous_2)
FNDA:0,(anonymous_3)
FNDA:0,(anonymous_4)
FNDA:0,(anonymous_5)
FNDA:0,(anonymous_6)
FNDA:0,(anonymous_7)
FNDA:0,(anonymous_8)
FNDA:0,(anonymous_9)
FNDA:0,(anonymous_10)
DA:17,0
DA:18,0
DA:19,0
DA:20,0
DA:21,0
DA:24,0
DA:25,0
DA:26,0
DA:30,0
DA:31,0
DA:34,0
DA:35,0
DA:38,0
DA:39,0
DA:49,0
DA:50,0
DA:52,0
DA:53,0
DA:54,0
DA:55,0
DA:57,0
DA:59,0
DA:63,0
DA:65,0
DA:70,0
DA:72,0
DA:73,0
DA:81,0
DA:83,0
DA:84,0
DA:85,0
DA:92,0
DA:94,0
DA:95,0
DA:103,0
DA:105,0
DA:113,0
DA:121,0
DA:123,0
DA:124,0
DA:125,0
DA:126,0
DA:127,0
DA:128,0
DA:129,0
DA:132,0
LF:46
LH:0
BRDA:16,0,0,0
BRDA:16,1,0,0
BRDA:16,2,0,0
BRDA:49,3,0,0
BRDA:49,3,1,0
BRDA:50,4,0,0
BRDA:50,4,1,0
BRDA:57,5,0,0
BRDA:57,5,1,0
BRDA:63,6,0,0
BRDA:63,6,1,0
BRDA:81,7,0,0
BRDA:81,7,1,0
BRDA:92,8,0,0
BRDA:92,8,1,0
BRDA:103,9,0,0
BRDA:103,9,1,0
BRDA:113,10,0,0
BRDA:113,10,1,0
BRDA:123,11,0,0
BRDA:123,11,1,0
BRF:21
BRH:0
end_of_record
TN:
SF:src/media/audio/ringtone-manager.js
FN:14,(anonymous_0)
FN:29,(anonymous_1)
FN:39,(anonymous_2)
FN:47,(anonymous_3)
FN:55,(anonymous_4)
FN:63,(anonymous_5)
FN:71,(anonymous_6)
FN:82,(anonymous_7)
FN:123,(anonymous_8)
FN:137,(anonymous_9)
FN:145,(anonymous_10)
FNF:11
FNH:1
FNDA:1,(anonymous_0)
FNDA:0,(anonymous_1)
FNDA:0,(anonymous_2)
FNDA:0,(anonymous_3)
FNDA:0,(anonymous_4)
FNDA:0,(anonymous_5)
FNDA:0,(anonymous_6)
FNDA:0,(anonymous_7)
FNDA:0,(anonymous_8)
FNDA:0,(anonymous_9)
FNDA:0,(anonymous_10)
DA:15,1
DA:16,1
DA:17,1
DA:18,1
DA:19,1
DA:30,0
DA:31,0
DA:32,0
DA:40,0
DA:48,0
DA:56,0
DA:64,0
DA:72,0
DA:84,0
DA:86,0
DA:88,0
DA:93,0
DA:96,0
DA:98,0
DA:99,0
DA:101,0
DA:105,0
DA:106,0
DA:107,0
DA:110,0
DA:112,0
DA:113,0
DA:114,0
DA:115,0
DA:116,0
DA:124,0
DA:125,0
DA:126,0
DA:127,0
DA:128,0
DA:129,0
DA:138,0
DA:146,0
DA:151,1
LF:39
LH:6
BRDA:14,0,0,1
BRDA:15,1,0,1
BRDA:15,1,1,1
BRDA:16,2,0,1
BRDA:16,2,1,1
BRDA:17,3,0,1
BRDA:17,3,1,1
BRDA:29,4,0,0
BRDA:30,5,0,0
BRDA:30,5,1,0
BRDA:31,6,0,0
BRDA:31,6,1,0
BRDA:32,7,0,0
BRDA:32,7,1,0
BRDA:98,8,0,0
BRDA:98,8,1,0
BRDA:124,9,0,0
BRDA:124,9,1,0
BRDA:138,10,0,0
BRDA:138,10,1,0
BRF:20
BRH:7
end_of_record
TN:
SF:src/media/youtube/youtube-player.js
FN:14,(anonymous_0)
FN:15,(anonymous_1)
FN:16,(anonymous_2)
FN:18,(anonymous_3)
FN:29,waitForYouTubeAPI
FN:30,(anonymous_5)
FN:35,(anonymous_6)
FN:46,showYouTubePlayer
FN:57,hideYouTubePlayer
FN:63,isYTVisible
FN:68,isYouTubeUrl
FN:73,extractYouTubeId
FN:96,loadYouTubeVideo
FN:115,(anonymous_13)
FN:139,(anonymous_14)
FN:166,(anonymous_15)
FN:182,(anonymous_16)
FN:199,(anonymous_17)
FN:204,(anonymous_18)
FN:217,(anonymous_19)
FN:229,destroyYouTubePlayer
FN:246,playYouTubeVideo
FN:252,pauseYouTubeVideo
FN:258,seekYouTubeVideo
FN:264,getYouTubeCurrentTime
FN:271,getYouTubePlayerState
FNF:26
FNH:0
FNDA:0,(anonymous_0)
FNDA:0,(anonymous_1)
FNDA:0,(anonymous_2)
FNDA:0,(anonymous_3)
FNDA:0,waitForYouTubeAPI
FNDA:0,(anonymous_5)
FNDA:0,(anonymous_6)
FNDA:0,showYouTubePlayer
FNDA:0,hideYouTubePlayer
FNDA:0,isYTVisible
FNDA:0,isYouTubeUrl
FNDA:0,extractYouTubeId
FNDA:0,loadYouTubeVideo
FNDA:0,(anonymous_13)
FNDA:0,(anonymous_14)
FNDA:0,(anonymous_15)
FNDA:0,(anonymous_16)
FNDA:0,(anonymous_17)
FNDA:0,(anonymous_18)
FNDA:0,(anonymous_19)
FNDA:0,destroyYouTubePlayer
FNDA:0,playYouTubeVideo
FNDA:0,pauseYouTubeVideo
FNDA:0,seekYouTubeVideo
FNDA:0,getYouTubeCurrentTime
FNDA:0,getYouTubePlayerState
DA:7,1
DA:8,1
DA:10,1
DA:11,1
DA:12,1
DA:14,1
DA:15,1
DA:16,1
DA:18,1
DA:19,0
DA:20,0
DA:21,0
DA:30,0
DA:31,0
DA:32,0
DA:35,0
DA:36,0
DA:47,0
DA:49,0
DA:50,0
DA:51,0
DA:52,0
DA:54,0
DA:58,0
DA:60,0
DA:64,0
DA:65,0
DA:69,0
DA:70,0
DA:74,0
DA:77,0
DA:84,0
DA:85,0
DA:86,0
DA:89,0
DA:97,0
DA:99,0
DA:100,0
DA:103,0
DA:105,0
DA:106,0
DA:107,0
DA:109,0
DA:111,0
DA:115,0
DA:116,0
DA:117,0
DA:119,0
DA:123,0
DA:124,0
DA:125,0
DA:128,0
DA:129,0
DA:130,0
DA:137,0
DA:139,0
DA:140,0
DA:141,0
DA:142,0
DA:144,0
DA:148,0
DA:150,0
DA:152,0
DA:154,0
DA:155,0
DA:157,0
DA:161,0
DA:166,0
DA:167,0
DA:168,0
DA:170,0
DA:171,0
DA:172,0
DA:179,0
DA:182,0
DA:183,0
DA:186,0
DA:200,0
DA:201,0
DA:202,0
DA:205,0
DA:206,0
DA:208,0
DA:209,0
DA:211,0
DA:212,0
DA:215,0
DA:218,0
DA:219,0
DA:224,0
DA:230,0
DA:231,0
DA:232,0
DA:233,0
DA:235,0
DA:237,0
DA:238,0
DA:247,0
DA:248,0
DA:253,0
DA:254,0
DA:259,0
DA:260,0
DA:265,0
DA:266,0
DA:268,0
DA:272,0
DA:273,0
DA:275,0
DA:279,1
LF:110
LH:10
BRDA:20,0,0,0
BRDA:20,0,1,0
BRDA:31,1,0,0
BRDA:31,1,1,0
BRDA:31,2,0,0
BRDA:31,2,1,0
BRDA:49,3,0,0
BRDA:49,3,1,0
BRDA:65,4,0,0
BRDA:65,4,1,0
BRDA:69,5,0,0
BRDA:69,5,1,0
BRDA:70,6,0,0
BRDA:70,6,1,0
BRDA:74,7,0,0
BRDA:74,7,1,0
BRDA:86,8,0,0
BRDA:86,8,1,0
BRDA:86,9,0,0
BRDA:86,9,1,0
BRDA:99,10,0,0
BRDA:99,10,1,0
BRDA:105,11,0,0
BRDA:105,11,1,0
BRDA:115,12,0,0
BRDA:119,13,0,0
BRDA:119,13,1,0
BRDA:119,14,0,0
BRDA:119,14,1,0
BRDA:128,15,0,0
BRDA:128,15,1,0
BRDA:137,16,0,0
BRDA:137,16,1,0
BRDA:140,17,0,0
BRDA:140,17,1,0
BRDA:144,18,0,0
BRDA:144,18,1,0
BRDA:145,19,0,0
BRDA:145,19,1,0
BRDA:154,20,0,0
BRDA:154,20,1,0
BRDA:170,21,0,0
BRDA:170,21,1,0
BRDA:170,22,0,0
BRDA:170,22,1,0
BRDA:170,22,2,0
BRDA:201,23,0,0
BRDA:201,23,1,0
BRDA:205,24,0,0
BRDA:205,24,1,0
BRDA:208,25,0,0
BRDA:208,25,1,0
BRDA:211,26,0,0
BRDA:211,26,1,0
BRDA:215,27,0,0
BRDA:215,27,1,0
BRDA:230,28,0,0
BRDA:230,28,1,0
BRDA:247,29,0,0
BRDA:247,29,1,0
BRDA:247,30,0,0
BRDA:247,30,1,0
BRDA:253,31,0,0
BRDA:253,31,1,0
BRDA:253,32,0,0
BRDA:253,32,1,0
BRDA:259,33,0,0
BRDA:259,33,1,0
BRDA:259,34,0,0
BRDA:259,34,1,0
BRDA:265,35,0,0
BRDA:265,35,1,0
BRDA:265,36,0,0
BRDA:265,36,1,0
BRDA:272,37,0,0
BRDA:272,37,1,0
BRDA:272,38,0,0
BRDA:272,38,1,0
BRF:78
BRH:0
end_of_record
TN:
SF:src/messaging/messaging-controller.js
FN:26,(anonymous_0)
FN:62,(anonymous_1)
FN:79,(anonymous_2)
FN:93,(anonymous_3)
FN:94,(anonymous_4)
FN:113,(anonymous_5)
FN:126,(anonymous_6)
FN:134,(anonymous_7)
FN:141,(anonymous_8)
FN:159,(anonymous_9)
FN:177,(anonymous_10)
FN:185,(anonymous_11)
FN:192,(anonymous_12)
FN:193,(anonymous_13)
FN:206,(anonymous_14)
FN:220,(anonymous_15)
FN:239,(anonymous_16)
FN:247,(anonymous_17)
FN:258,(anonymous_18)
FN:277,(anonymous_19)
FN:292,(anonymous_20)
FNF:21
FNH:11
FNDA:16,(anonymous_0)
FNDA:13,(anonymous_1)
FNDA:1,(anonymous_2)
FNDA:0,(anonymous_3)
FNDA:0,(anonymous_4)
FNDA:4,(anonymous_5)
FNDA:0,(anonymous_6)
FNDA:0,(anonymous_7)
FNDA:1,(anonymous_8)
FNDA:1,(anonymous_9)
FNDA:0,(anonymous_10)
FNDA:0,(anonymous_11)
FNDA:1,(anonymous_12)
FNDA:3,(anonymous_13)
FNDA:1,(anonymous_14)
FNDA:0,(anonymous_15)
FNDA:7,(anonymous_16)
FNDA:0,(anonymous_17)
FNDA:0,(anonymous_18)
FNDA:0,(anonymous_19)
FNDA:16,(anonymous_20)
DA:27,16
DA:28,1
DA:33,15
DA:34,15
DA:35,15
DA:64,13
DA:65,3
DA:69,10
DA:70,1
DA:73,1
DA:77,9
DA:81,1
DA:82,1
DA:86,1
DA:91,0
DA:93,0
DA:95,0
DA:105,9
DA:114,4
DA:115,3
DA:119,1
DA:127,0
DA:135,0
DA:142,1
DA:150,9
DA:152,9
DA:160,1
DA:161,1
DA:163,1
DA:164,1
DA:168,1
DA:178,0
DA:186,0
DA:193,1
DA:194,3
DA:195,3
DA:198,1
DA:207,1
DA:208,0
DA:210,1
DA:221,0
DA:222,0
DA:224,0
DA:225,0
DA:227,0
DA:240,7
DA:248,0
DA:259,0
DA:260,0
DA:265,0
DA:266,0
DA:269,0
DA:278,0
DA:279,0
DA:282,0
DA:283,0
DA:286,0
DA:293,16
DA:294,5
DA:295,5
DA:304,4
LF:61
LH:37
BRDA:26,0,0,16
BRDA:27,1,0,1
BRDA:27,1,1,15
BRDA:62,2,0,13
BRDA:64,3,0,3
BRDA:64,3,1,10
BRDA:64,4,0,13
BRDA:64,4,1,11
BRDA:69,5,0,1
BRDA:69,5,1,9
BRDA:81,6,0,1
BRDA:81,6,1,0
BRDA:81,7,0,1
BRDA:81,7,1,1
BRDA:86,8,0,0
BRDA:86,8,1,1
BRDA:87,9,0,1
BRDA:87,9,1,1
BRDA:87,9,2,0
BRDA:114,10,0,3
BRDA:114,10,1,1
BRDA:114,11,0,4
BRDA:114,11,1,2
BRDA:161,12,0,1
BRDA:161,12,1,0
BRDA:163,13,0,1
BRDA:163,13,1,0
BRDA:163,14,0,1
BRDA:163,14,1,1
BRDA:194,15,0,3
BRDA:194,15,1,0
BRDA:194,16,0,3
BRDA:194,16,1,3
BRDA:207,17,0,0
BRDA:207,17,1,1
BRDA:207,18,0,1
BRDA:207,18,1,1
BRDA:221,19,0,0
BRDA:221,19,1,0
BRDA:221,20,0,0
BRDA:221,20,1,0
BRDA:224,21,0,0
BRDA:224,21,1,0
BRDA:248,22,0,0
BRDA:248,22,1,0
BRDA:259,23,0,0
BRDA:259,23,1,0
BRDA:265,24,0,0
BRDA:265,24,1,0
BRDA:278,25,0,0
BRDA:278,25,1,0
BRDA:282,26,0,0
BRDA:282,26,1,0
BRDA:293,27,0,5
BRDA:293,27,1,11
BRF:55
BRH:32
end_of_record
TN:
SF:src/messaging/transports/datachannel-file-transport.js
FN:24,(anonymous_0)
FN:43,(anonymous_1)
FN:44,(anonymous_2)
FN:70,(anonymous_3)
FN:82,(anonymous_4)
FN:94,(anonymous_5)
FN:102,(anonymous_6)
FNF:7
FNH:3
FNDA:7,(anonymous_0)
FNDA:7,(anonymous_1)
FNDA:0,(anonymous_2)
FNDA:0,(anonymous_3)
FNDA:0,(anonymous_4)
FNDA:0,(anonymous_5)
FNDA:5,(anonymous_6)
DA:25,7
DA:27,7
DA:28,0
DA:31,7
DA:32,7
DA:35,7
DA:44,7
DA:46,0
DA:47,0
DA:48,0
DA:50,0
DA:51,0
DA:52,0
DA:59,0
DA:71,0
DA:72,0
DA:75,0
DA:83,0
DA:84,0
DA:87,0
DA:95,0
DA:103,5
DA:104,5
DA:108,5
DA:109,5
DA:110,5
DA:113,5
DA:114,5
LF:28
LH:13
BRDA:27,0,0,0
BRDA:27,0,1,7
BRDA:46,1,0,0
BRDA:46,1,1,0
BRDA:50,2,0,0
BRDA:50,2,1,0
BRDA:50,3,0,0
BRDA:50,3,1,0
BRDA:71,4,0,0
BRDA:71,4,1,0
BRDA:83,5,0,0
BRDA:83,5,1,0
BRDA:95,6,0,0
BRDA:95,6,1,0
BRDA:103,7,0,5
BRDA:103,7,1,0
BRDA:108,8,0,5
BRDA:108,8,1,0
BRF:18
BRH:3
end_of_record
TN:
SF:src/messaging/transports/file-transport.js
FN:24,(anonymous_0)
FN:33,(anonymous_1)
FN:42,(anonymous_2)
FN:51,(anonymous_3)
FNF:4
FNH:0
FNDA:0,(anonymous_0)
FNDA:0,(anonymous_1)
FNDA:0,(anonymous_2)
FNDA:0,(anonymous_3)
DA:25,0
DA:34,0
DA:43,0
DA:52,0
LF:4
LH:0
BRF:0
BRH:0
end_of_record
TN:
SF:src/messaging/transports/messaging-transport.js
FN:21,(anonymous_0)
FN:32,(anonymous_1)
FN:42,(anonymous_2)
FN:52,(anonymous_3)
FN:63,(anonymous_4)
FNF:5
FNH:0
FNDA:0,(anonymous_0)
FNDA:0,(anonymous_1)
FNDA:0,(anonymous_2)
FNDA:0,(anonymous_3)
FNDA:0,(anonymous_4)
DA:22,0
DA:33,0
DA:43,0
DA:53,0
DA:64,0
LF:5
LH:0
BRF:0
BRH:0
end_of_record
TN:
SF:src/messaging/transports/rtdb-transport.js
FN:43,(anonymous_0)
FN:53,(anonymous_1)
FN:77,(anonymous_2)
FN:90,(anonymous_3)
FN:94,(anonymous_4)
FN:105,(anonymous_5)
FN:118,(anonymous_6)
FN:128,(anonymous_7)
FN:134,(anonymous_8)
FN:143,(anonymous_9)
FN:157,(anonymous_10)
FN:172,(anonymous_11)
FN:194,(anonymous_12)
FN:198,(anonymous_13)
FN:205,(anonymous_14)
FN:215,(anonymous_15)
FN:226,(anonymous_16)
FN:241,(anonymous_17)
FN:255,(anonymous_18)
FN:269,(anonymous_19)
FNF:20
FNH:6
FNDA:4,(anonymous_0)
FNDA:1,(anonymous_1)
FNDA:0,(anonymous_2)
FNDA:1,(anonymous_3)
FNDA:1,(anonymous_4)
FNDA:0,(anonymous_5)
FNDA:0,(anonymous_6)
FNDA:1,(anonymous_7)
FNDA:0,(anonymous_8)
FNDA:0,(anonymous_9)
FNDA:1,(anonymous_10)
FNDA:0,(anonymous_11)
FNDA:0,(anonymous_12)
FNDA:0,(anonymous_13)
FNDA:0,(anonymous_14)
FNDA:0,(anonymous_15)
FNDA:0,(anonymous_16)
FNDA:0,(anonymous_17)
FNDA:0,(anonymous_18)
FNDA:0,(anonymous_19)
DA:20,5
DA:44,4
DA:54,1
DA:55,1
DA:56,1
DA:59,0
DA:60,0
DA:61,1
DA:64,1
DA:68,1
DA:77,0
DA:78,0
DA:91,1
DA:92,1
DA:93,1
DA:94,1
DA:97,0
DA:98,0
DA:101,0
DA:105,0
DA:106,0
DA:107,0
DA:108,0
DA:110,0
DA:111,0
DA:112,0
DA:115,0
DA:118,0
DA:119,0
DA:129,1
DA:130,1
DA:132,0
DA:133,0
DA:134,0
DA:136,0
DA:137,0
DA:138,0
DA:140,0
DA:142,0
DA:143,0
DA:146,0
DA:147,0
DA:158,1
DA:159,1
DA:161,0
DA:162,0
DA:164,0
DA:165,0
DA:166,0
DA:168,0
DA:169,0
DA:172,0
DA:173,0
DA:174,0
DA:179,0
DA:180,0
DA:183,0
DA:195,0
DA:196,0
DA:197,0
DA:198,0
DA:201,0
DA:202,0
DA:205,0
DA:206,0
DA:207,0
DA:208,0
DA:210,0
DA:215,0
DA:216,0
DA:217,0
DA:220,0
DA:221,0
DA:226,0
DA:227,0
DA:228,0
DA:231,0
DA:232,0
DA:237,0
DA:238,0
DA:241,0
DA:242,0
DA:243,0
DA:256,0
DA:258,0
DA:259,0
DA:261,0
DA:262,0
DA:264,0
DA:267,0
DA:268,0
DA:269,0
DA:273,0
DA:274,0
DA:275,0
DA:276,0
DA:280,0
DA:282,0
LF:98
LH:16
BRDA:55,0,0,1
BRDA:55,0,1,0
BRDA:60,1,0,0
BRDA:60,1,1,0
BRDA:92,2,0,1
BRDA:92,2,1,0
BRDA:108,3,0,0
BRDA:108,3,1,0
BRDA:108,4,0,0
BRDA:108,4,1,0
BRDA:130,5,0,1
BRDA:130,5,1,0
BRDA:138,6,0,0
BRDA:138,6,1,0
BRDA:143,7,0,0
BRDA:143,7,1,0
BRDA:159,8,0,1
BRDA:159,8,1,0
BRDA:166,9,0,0
BRDA:166,9,1,0
BRDA:173,10,0,0
BRDA:173,10,1,0
BRDA:173,11,0,0
BRDA:173,11,1,0
BRDA:179,12,0,0
BRDA:179,12,1,0
BRDA:196,13,0,0
BRDA:196,13,1,0
BRDA:217,14,0,0
BRDA:217,14,1,0
BRDA:220,15,0,0
BRDA:220,15,1,0
BRDA:220,16,0,0
BRDA:220,16,1,0
BRDA:228,17,0,0
BRDA:228,17,1,0
BRDA:231,18,0,0
BRDA:231,18,1,0
BRDA:259,19,0,0
BRDA:259,19,1,0
BRDA:264,20,0,0
BRDA:264,20,1,0
BRDA:269,21,0,0
BRDA:269,21,1,0
BRDA:269,22,0,0
BRDA:269,22,1,0
BRF:46
BRH:4
end_of_record
TN:
SF:src/storage/fb-rtdb/rtdb.js
FN:31,addRTDBListener
FN:58,removeAllRTDBListeners
FN:59,(anonymous_2)
FN:75,removeRTDBListenersForRoom
FN:78,(anonymous_4)
FN:79,(anonymous_5)
FN:88,(anonymous_6)
FN:99,removeRTDBListenersForUser
FN:102,(anonymous_8)
FN:105,(anonymous_9)
FN:117,(anonymous_10)
FN:128,onDataChange
FN:137,(anonymous_12)
FN:138,(anonymous_13)
FN:140,(anonymous_14)
FN:142,(anonymous_15)
FN:143,(anonymous_16)
FN:144,(anonymous_17)
FN:148,(anonymous_18)
FN:149,(anonymous_19)
FN:151,(anonymous_20)
FN:155,(anonymous_21)
FN:156,(anonymous_22)
FN:158,(anonymous_23)
FN:160,(anonymous_24)
FN:162,(anonymous_25)
FN:166,(anonymous_26)
FN:168,(anonymous_27)
FN:182,fetchRTDBData
FN:206,getRoomDataFB
FN:213,getRoomOfferFB
FN:224,getRoomMembersFB
FN:235,getRoomMemberFB
FN:246,getWatchSyncDataFB
FNF:34
FNH:15
FNDA:22,addRTDBListener
FNDA:3,removeAllRTDBListeners
FNDA:2,(anonymous_2)
FNDA:5,removeRTDBListenersForRoom
FNDA:16,(anonymous_4)
FNDA:0,(anonymous_5)
FNDA:16,(anonymous_6)
FNDA:2,removeRTDBListenersForUser
FNDA:8,(anonymous_8)
FNDA:4,(anonymous_9)
FNDA:4,(anonymous_10)
FNDA:8,onDataChange
FNDA:0,(anonymous_12)
FNDA:2,(anonymous_13)
FNDA:2,(anonymous_14)
FNDA:0,(anonymous_15)
FNDA:0,(anonymous_16)
FNDA:0,(anonymous_17)
FNDA:0,(anonymous_18)
FNDA:0,(anonymous_19)
FNDA:0,(anonymous_20)
FNDA:0,(anonymous_21)
FNDA:0,(anonymous_22)
FNDA:0,(anonymous_23)
FNDA:0,(anonymous_24)
FNDA:0,(anonymous_25)
FNDA:3,(anonymous_26)
FNDA:7,(anonymous_27)
FNDA:0,fetchRTDBData
FNDA:0,getRoomDataFB
FNDA:0,getRoomOfferFB
FNDA:0,getRoomMembersFB
FNDA:0,getRoomMemberFB
FNDA:0,getWatchSyncDataFB
DA:12,2
DA:18,2
DA:40,22
DA:41,8
DA:42,14
DA:43,12
DA:44,2
DA:45,2
DA:47,0
DA:51,22
DA:59,3
DA:60,2
DA:61,2
DA:63,0
DA:66,3
DA:76,5
DA:78,16
DA:79,5
DA:80,0
DA:81,0
DA:83,0
DA:88,16
DA:89,5
DA:90,5
DA:100,2
DA:102,8
DA:104,2
DA:105,2
DA:106,4
DA:107,4
DA:109,0
DA:117,4
DA:118,2
DA:119,2
DA:129,8
DA:137,8
DA:138,8
DA:139,2
DA:140,8
DA:141,2
DA:142,8
DA:143,8
DA:144,8
DA:145,0
DA:148,8
DA:149,8
DA:150,0
DA:151,8
DA:152,0
DA:155,8
DA:156,8
DA:157,0
DA:158,8
DA:159,0
DA:160,8
DA:161,0
DA:162,8
DA:163,0
DA:166,8
DA:167,3
DA:168,8
DA:169,7
DA:187,0
DA:188,0
DA:189,0
DA:190,0
DA:192,0
DA:193,0
DA:196,0
DA:207,0
DA:214,0
DA:225,0
DA:236,0
DA:247,0
LF:74
LH:49
BRDA:35,0,0,22
BRDA:36,1,0,22
BRDA:37,2,0,22
BRDA:40,3,0,8
BRDA:40,3,1,14
BRDA:42,4,0,12
BRDA:42,4,1,2
BRDA:44,5,0,2
BRDA:44,5,1,0
BRDA:76,6,0,0
BRDA:76,6,1,5
BRDA:100,7,0,0
BRDA:100,7,1,2
BRDA:100,8,0,2
BRDA:100,8,1,2
BRDA:102,9,0,8
BRDA:102,9,1,8
BRDA:128,10,0,8
BRDA:184,11,0,0
BRDA:185,12,0,0
BRDA:188,13,0,0
BRDA:188,13,1,0
BRDA:189,14,0,0
BRDA:189,14,1,0
BRF:24
BRH:15
end_of_record
TN:
SF:src/utils/url.js
FN:7,clearUrlParam
FNF:1
FNH:0
FNDA:0,clearUrlParam
DA:8,0
DA:9,0
DA:10,0
LF:3
LH:0
BRDA:7,0,0,0
BRF:1
BRH:0
end_of_record
TN:
SF:src/utils/dev/dev-utils.js
FN:3,(anonymous_0)
FN:4,(anonymous_1)
FN:6,(anonymous_2)
FN:18,(anonymous_3)
FN:30,(anonymous_4)
FN:44,(anonymous_5)
FN:50,(anonymous_6)
FN:56,(anonymous_7)
FN:62,(anonymous_8)
FN:73,(anonymous_9)
FN:82,(anonymous_10)
FNF:11
FNH:2
FNDA:46,(anonymous_0)
FNDA:0,(anonymous_1)
FNDA:0,(anonymous_2)
FNDA:0,(anonymous_3)
FNDA:46,(anonymous_4)
FNDA:0,(anonymous_5)
FNDA:0,(anonymous_6)
FNDA:0,(anonymous_7)
FNDA:0,(anonymous_8)
FNDA:0,(anonymous_9)
FNDA:0,(anonymous_10)
DA:3,46
DA:4,13
DA:6,13
DA:7,0
DA:8,0
DA:9,0
DA:11,0
DA:18,13
DA:19,0
DA:20,0
DA:21,0
DA:23,0
DA:30,13
DA:34,46
DA:35,46
DA:36,46
DA:37,46
DA:44,13
DA:45,0
DA:46,0
DA:47,0
DA:50,13
DA:51,0
DA:52,0
DA:53,0
DA:56,13
DA:57,0
DA:58,0
DA:59,0
DA:62,13
DA:63,0
DA:64,0
DA:65,0
DA:73,13
DA:74,0
DA:75,0
DA:77,0
DA:78,0
DA:79,0
DA:82,0
DA:83,0
DA:84,0
DA:86,0
DA:90,0
DA:102,0
LF:45
LH:14
BRDA:8,0,0,0
BRDA:8,0,1,0
BRDA:20,1,0,0
BRDA:20,1,1,0
BRDA:34,2,0,0
BRDA:34,2,1,46
BRDA:37,3,0,0
BRDA:37,3,1,46
BRDA:46,4,0,0
BRDA:46,4,1,0
BRDA:46,5,0,0
BRDA:46,5,1,0
BRDA:52,6,0,0
BRDA:52,6,1,0
BRDA:52,7,0,0
BRDA:52,7,1,0
BRDA:58,8,0,0
BRDA:58,8,1,0
BRDA:58,9,0,0
BRDA:58,9,1,0
BRDA:64,10,0,0
BRDA:64,10,1,0
BRDA:64,11,0,0
BRDA:64,11,1,0
BRDA:73,12,0,0
BRDA:75,13,0,0
BRDA:75,13,1,0
BRDA:75,14,0,0
BRDA:75,14,1,0
BRDA:83,15,0,0
BRDA:83,15,1,0
BRDA:84,16,0,0
BRDA:84,16,1,0
BRDA:86,17,0,0
BRDA:86,17,1,0
BRDA:86,17,2,0
BRF:36
BRH:2
end_of_record
TN:
SF:src/utils/dev/diagnostic-logger.js
FN:8,(anonymous_0)
FN:18,(anonymous_1)
FN:49,(anonymous_2)
FN:58,(anonymous_3)
FN:68,(anonymous_4)
FN:79,(anonymous_5)
FN:91,(anonymous_6)
FN:100,(anonymous_7)
FN:110,(anonymous_8)
FN:125,(anonymous_9)
FN:134,(anonymous_10)
FN:145,(anonymous_11)
FN:155,(anonymous_12)
FN:163,(anonymous_13)
FN:175,(anonymous_14)
FN:192,(anonymous_15)
FN:202,(anonymous_16)
FN:207,(anonymous_17)
FN:212,(anonymous_18)
FN:217,(anonymous_19)
FN:223,(anonymous_20)
FN:229,(anonymous_21)
FN:236,(anonymous_22)
FN:237,(anonymous_23)
FN:240,(anonymous_24)
FN:244,(anonymous_25)
FN:250,(anonymous_26)
FN:252,(anonymous_27)
FN:260,(anonymous_28)
FN:263,(anonymous_29)
FN:267,(anonymous_30)
FN:276,(anonymous_31)
FN:289,(anonymous_32)
FN:296,(anonymous_33)
FN:316,(anonymous_34)
FN:318,(anonymous_35)
FN:325,(anonymous_36)
FN:326,(anonymous_37)
FN:332,(anonymous_38)
FN:335,(anonymous_39)
FN:338,(anonymous_40)
FN:345,(anonymous_41)
FN:359,(anonymous_42)
FN:366,(anonymous_43)
FN:367,(anonymous_44)
FN:369,(anonymous_45)
FN:384,(anonymous_46)
FN:398,(anonymous_47)
FN:402,(anonymous_48)
FN:418,(anonymous_49)
FN:422,(anonymous_50)
FN:429,(anonymous_51)
FN:435,(anonymous_52)
FN:441,(anonymous_53)
FN:448,(anonymous_54)
FN:454,(anonymous_55)
FN:456,(anonymous_56)
FN:479,getDiagnosticLogger
FN:486,createDiagnosticLogger
FN:498,(anonymous_59)
FN:501,(anonymous_60)
FN:510,(anonymous_61)
FN:517,(anonymous_62)
FN:525,(anonymous_63)
FN:533,(anonymous_64)
FN:541,(anonymous_65)
FN:549,(anonymous_66)
FN:562,(anonymous_67)
FN:570,(anonymous_68)
FN:578,(anonymous_69)
FN:585,(anonymous_70)
FN:592,(anonymous_71)
FN:598,(anonymous_72)
FN:605,(anonymous_73)
FN:618,(anonymous_74)
FN:657,(anonymous_75)
FN:675,(anonymous_76)
FNF:77
FNH:14
FNDA:3,(anonymous_0)
FNDA:19,(anonymous_1)
FNDA:5,(anonymous_2)
FNDA:0,(anonymous_3)
FNDA:0,(anonymous_4)
FNDA:0,(anonymous_5)
FNDA:0,(anonymous_6)
FNDA:0,(anonymous_7)
FNDA:2,(anonymous_8)
FNDA:3,(anonymous_9)
FNDA:1,(anonymous_10)
FNDA:2,(anonymous_11)
FNDA:0,(anonymous_12)
FNDA:0,(anonymous_13)
FNDA:0,(anonymous_14)
FNDA:0,(anonymous_15)
FNDA:4,(anonymous_16)
FNDA:0,(anonymous_17)
FNDA:0,(anonymous_18)
FNDA:0,(anonymous_19)
FNDA:0,(anonymous_20)
FNDA:0,(anonymous_21)
FNDA:0,(anonymous_22)
FNDA:0,(anonymous_23)
FNDA:0,(anonymous_24)
FNDA:0,(anonymous_25)
FNDA:0,(anonymous_26)
FNDA:0,(anonymous_27)
FNDA:0,(anonymous_28)
FNDA:0,(anonymous_29)
FNDA:0,(anonymous_30)
FNDA:0,(anonymous_31)
FNDA:0,(anonymous_32)
FNDA:0,(anonymous_33)
FNDA:0,(anonymous_34)
FNDA:0,(anonymous_35)
FNDA:0,(anonymous_36)
FNDA:0,(anonymous_37)
FNDA:0,(anonymous_38)
FNDA:0,(anonymous_39)
FNDA:4,(anonymous_40)
FNDA:0,(anonymous_41)
FNDA:0,(anonymous_42)
FNDA:0,(anonymous_43)
FNDA:0,(anonymous_44)
FNDA:0,(anonymous_45)
FNDA:4,(anonymous_46)
FNDA:4,(anonymous_47)
FNDA:0,(anonymous_48)
FNDA:0,(anonymous_49)
FNDA:0,(anonymous_50)
FNDA:3,(anonymous_51)
FNDA:19,(anonymous_52)
FNDA:0,(anonymous_53)
FNDA:0,(anonymous_54)
FNDA:0,(anonymous_55)
FNDA:0,(anonymous_56)
FNDA:4,getDiagnosticLogger
FNDA:0,createDiagnosticLogger
FNDA:0,(anonymous_59)
FNDA:0,(anonymous_60)
FNDA:0,(anonymous_61)
FNDA:0,(anonymous_62)
FNDA:0,(anonymous_63)
FNDA:0,(anonymous_64)
FNDA:0,(anonymous_65)
FNDA:0,(anonymous_66)
FNDA:0,(anonymous_67)
FNDA:0,(anonymous_68)
FNDA:0,(anonymous_69)
FNDA:0,(anonymous_70)
FNDA:0,(anonymous_71)
FNDA:0,(anonymous_72)
FNDA:0,(anonymous_73)
FNDA:0,(anonymous_74)
FNDA:0,(anonymous_75)
FNDA:0,(anonymous_76)
DA:9,3
DA:10,3
DA:11,3
DA:12,3
DA:19,19
DA:21,19
DA:30,19
DA:33,19
DA:34,0
DA:38,19
DA:42,19
DA:50,5
DA:59,0
DA:69,0
DA:80,0
DA:92,0
DA:101,0
DA:111,2
DA:126,3
DA:135,1
DA:146,2
DA:156,0
DA:164,0
DA:176,0
DA:193,0
DA:203,4
DA:205,4
DA:206,0
DA:207,0
DA:211,4
DA:212,0
DA:215,4
DA:216,0
DA:217,0
DA:221,4
DA:222,0
DA:223,0
DA:227,4
DA:228,0
DA:229,0
DA:233,4
DA:237,0
DA:241,0
DA:243,0
DA:244,0
DA:247,0
DA:251,0
DA:253,0
DA:258,0
DA:260,0
DA:264,0
DA:267,0
DA:277,0
DA:290,0
DA:297,0
DA:298,0
DA:301,0
DA:302,0
DA:304,0
DA:305,0
DA:306,0
DA:307,0
DA:310,0
DA:317,0
DA:318,0
DA:326,0
DA:334,0
DA:335,0
DA:339,4
DA:346,0
DA:347,0
DA:348,0
DA:349,0
DA:351,0
DA:352,0
DA:360,0
DA:361,0
DA:362,0
DA:363,0
DA:364,0
DA:366,0
DA:367,0
DA:368,0
DA:369,0
DA:371,0
DA:374,0
DA:376,0
DA:377,0
DA:385,0
DA:386,0
DA:387,0
DA:388,0
DA:389,0
DA:392,0
DA:399,0
DA:400,0
DA:402,0
DA:403,0
DA:404,0
DA:405,0
DA:406,0
DA:407,0
DA:408,0
DA:413,0
DA:419,0
DA:423,0
DA:430,3
DA:436,19
DA:442,0
DA:449,0
DA:450,0
DA:451,0
DA:455,0
DA:457,0
DA:462,0
DA:463,0
DA:464,0
DA:470,0
DA:472,0
DA:477,4
DA:480,4
DA:481,3
DA:483,4
DA:487,0
DA:494,4
DA:496,4
DA:498,0
DA:502,0
DA:503,0
DA:504,0
DA:505,0
DA:506,0
DA:511,0
DA:512,0
DA:513,0
DA:518,0
DA:519,0
DA:520,0
DA:521,0
DA:526,0
DA:527,0
DA:528,0
DA:529,0
DA:534,0
DA:535,0
DA:536,0
DA:537,0
DA:542,0
DA:543,0
DA:544,0
DA:545,0
DA:550,0
DA:551,0
DA:552,0
DA:558,0
DA:563,0
DA:564,0
DA:565,0
DA:566,0
DA:571,0
DA:572,0
DA:573,0
DA:574,0
DA:579,0
DA:580,0
DA:581,0
DA:586,0
DA:587,0
DA:588,0
DA:593,0
DA:594,0
DA:595,0
DA:599,0
DA:600,0
DA:601,0
DA:606,0
DA:607,0
DA:613,0
DA:614,0
DA:619,0
DA:657,4
DA:658,0
DA:659,0
DA:660,0
DA:661,0
DA:664,0
DA:671,4
DA:675,4
DA:676,0
DA:677,0
DA:680,0
DA:682,0
DA:684,0
DA:685,0
DA:686,0
DA:689,0
LF:196
LH:34
BRDA:18,0,0,19
BRDA:19,1,0,0
BRDA:19,1,1,19
BRDA:33,2,0,0
BRDA:33,2,1,19
BRDA:38,3,0,19
BRDA:38,3,1,0
BRDA:39,4,0,19
BRDA:39,4,1,19
BRDA:49,5,0,5
BRDA:58,6,0,0
BRDA:68,7,0,0
BRDA:79,8,0,0
BRDA:91,9,0,0
BRDA:100,10,0,0
BRDA:110,11,0,2
BRDA:110,12,0,2
BRDA:114,13,0,0
BRDA:114,13,1,2
BRDA:125,14,0,3
BRDA:134,15,0,1
BRDA:145,16,0,2
BRDA:155,17,0,0
BRDA:163,18,0,0
BRDA:175,19,0,0
BRDA:192,20,0,0
BRDA:202,21,0,4
BRDA:205,22,0,0
BRDA:205,22,1,4
BRDA:211,23,0,0
BRDA:211,23,1,4
BRDA:215,24,0,0
BRDA:215,24,1,4
BRDA:221,25,0,0
BRDA:221,25,1,4
BRDA:227,26,0,0
BRDA:227,26,1,4
BRDA:240,27,0,0
BRDA:243,28,0,0
BRDA:243,28,1,0
BRDA:253,29,0,0
BRDA:253,29,1,0
BRDA:253,29,2,0
BRDA:253,29,3,0
BRDA:253,29,4,0
BRDA:253,29,5,0
BRDA:264,30,0,0
BRDA:264,30,1,0
BRDA:296,31,0,0
BRDA:297,32,0,0
BRDA:297,32,1,0
BRDA:318,33,0,0
BRDA:318,33,1,0
BRDA:332,34,0,0
BRDA:362,35,0,0
BRDA:362,35,1,0
BRDA:364,36,0,0
BRDA:364,36,1,0
BRDA:364,37,0,0
BRDA:364,37,1,0
BRDA:388,38,0,0
BRDA:388,38,1,0
BRDA:388,39,0,0
BRDA:388,39,1,0
BRDA:398,40,0,0
BRDA:405,41,0,0
BRDA:405,41,1,0
BRDA:407,42,0,0
BRDA:407,42,1,0
BRDA:407,43,0,0
BRDA:407,43,1,0
BRDA:454,44,0,0
BRDA:457,45,0,0
BRDA:457,45,1,0
BRDA:457,45,2,0
BRDA:462,46,0,0
BRDA:462,46,1,0
BRDA:480,47,0,3
BRDA:480,47,1,1
BRDA:494,48,0,4
BRDA:494,48,1,0
BRDA:660,49,0,0
BRDA:660,49,1,0
BRDA:671,50,0,4
BRDA:671,50,1,0
BRDA:672,51,0,4
BRDA:672,51,1,0
BRDA:680,52,0,0
BRDA:680,52,1,0
BRDA:682,53,0,0
BRDA:682,53,1,0
BRDA:682,54,0,0
BRDA:682,54,1,0
BRDA:685,55,0,0
BRDA:685,55,1,0
BRF:95
BRH:24
end_of_record
TN:
SF:src/utils/dom/component-utils.js
FN:10,(anonymous_0)
FN:12,(anonymous_1)
FN:34,(anonymous_2)
FN:35,(anonymous_3)
FN:40,(anonymous_4)
FN:54,(anonymous_5)
FN:61,(anonymous_6)
FN:75,(anonymous_7)
FN:77,(anonymous_8)
FN:85,(anonymous_9)
FN:87,(anonymous_10)
FN:102,(anonymous_11)
FN:109,(anonymous_12)
FN:115,(anonymous_13)
FN:116,(anonymous_14)
FN:162,(anonymous_15)
FN:163,(anonymous_16)
FN:177,(anonymous_17)
FN:185,(anonymous_18)
FN:186,(anonymous_19)
FN:195,(anonymous_20)
FNF:21
FNH:15
FNDA:100,(anonymous_0)
FNDA:11,(anonymous_1)
FNDA:76,(anonymous_2)
FNDA:109,(anonymous_3)
FNDA:120,(anonymous_4)
FNDA:76,(anonymous_5)
FNDA:1,(anonymous_6)
FNDA:1,(anonymous_7)
FNDA:2,(anonymous_8)
FNDA:76,(anonymous_9)
FNDA:1,(anonymous_10)
FNDA:0,(anonymous_11)
FNDA:0,(anonymous_12)
FNDA:76,(anonymous_13)
FNDA:1,(anonymous_14)
FNDA:76,(anonymous_15)
FNDA:0,(anonymous_16)
FNDA:0,(anonymous_17)
FNDA:76,(anonymous_18)
FNDA:0,(anonymous_19)
FNDA:0,(anonymous_20)
DA:10,9
DA:11,100
DA:12,100
DA:13,11
DA:34,9
DA:35,76
DA:36,109
DA:38,109
DA:40,120
DA:41,109
DA:43,105
DA:44,105
DA:54,9
DA:55,76
DA:56,76
DA:57,76
DA:61,9
DA:62,1
DA:63,1
DA:64,1
DA:65,2
DA:66,2
DA:67,2
DA:68,2
DA:69,2
DA:71,1
DA:75,9
DA:76,1
DA:77,2
DA:85,9
DA:86,76
DA:87,1
DA:102,9
DA:103,0
DA:104,0
DA:109,0
DA:115,9
DA:116,76
DA:117,1
DA:118,1
DA:122,0
DA:125,0
DA:126,0
DA:127,0
DA:128,0
DA:131,1
DA:133,0
DA:134,0
DA:136,0
DA:138,1
DA:139,1
DA:142,1
DA:143,1
DA:144,1
DA:145,1
DA:146,1
DA:147,1
DA:150,1
DA:151,1
DA:152,1
DA:162,9
DA:163,76
DA:177,9
DA:178,0
DA:179,0
DA:180,0
DA:182,0
DA:185,9
DA:186,76
DA:187,0
DA:188,0
DA:189,0
DA:190,0
DA:191,0
DA:192,0
DA:193,0
DA:194,0
DA:195,0
LF:78
LH:54
BRDA:41,0,0,4
BRDA:41,0,1,105
BRDA:44,1,0,5
BRDA:44,1,1,100
BRDA:54,2,0,76
BRDA:64,3,0,1
BRDA:64,3,1,3
BRDA:66,4,0,0
BRDA:66,4,1,2
BRDA:77,5,0,2
BRDA:77,5,1,0
BRDA:77,6,0,2
BRDA:77,6,1,2
BRDA:103,7,0,0
BRDA:103,7,1,0
BRDA:103,8,0,0
BRDA:103,8,1,0
BRDA:118,9,0,0
BRDA:118,9,1,1
BRDA:126,10,0,0
BRDA:126,10,1,0
BRDA:131,11,0,0
BRDA:131,11,1,1
BRDA:138,12,0,1
BRDA:138,12,1,0
BRDA:142,13,0,1
BRDA:142,13,1,0
BRDA:144,14,0,1
BRDA:144,14,1,0
BRDA:145,15,0,1
BRDA:145,15,1,0
BRDA:145,16,0,1
BRDA:145,16,1,1
BRDA:150,17,0,1
BRDA:150,17,1,0
BRDA:164,18,0,0
BRDA:164,18,1,0
BRDA:180,19,0,0
BRDA:180,19,1,0
BRDA:180,20,0,0
BRDA:180,20,1,0
BRDA:187,21,0,0
BRDA:187,21,1,0
BRDA:189,22,0,0
BRDA:189,22,1,0
BRDA:194,23,0,0
BRDA:194,23,1,0
BRF:47
BRH:20
end_of_record
TN:
SF:src/utils/dom/component.js
FN:34,(anonymous_0)
FN:77,(anonymous_1)
FN:92,(anonymous_2)
FN:95,(anonymous_3)
FN:110,(anonymous_4)
FN:113,(anonymous_5)
FN:116,(anonymous_6)
FN:124,(anonymous_7)
FN:127,(anonymous_8)
FN:135,(anonymous_9)
FN:145,(anonymous_10)
FN:159,(anonymous_11)
FN:181,(anonymous_12)
FN:192,(anonymous_13)
FN:203,(anonymous_14)
FN:213,(anonymous_15)
FN:217,(anonymous_16)
FNF:17
FNH:17
FNDA:41,(anonymous_0)
FNDA:76,(anonymous_1)
FNDA:31,(anonymous_2)
FNDA:31,(anonymous_3)
FNDA:11,(anonymous_4)
FNDA:38,(anonymous_5)
FNDA:2,(anonymous_6)
FNDA:4,(anonymous_7)
FNDA:33,(anonymous_8)
FNDA:4,(anonymous_9)
FNDA:6,(anonymous_10)
FNDA:2,(anonymous_11)
FNDA:10,(anonymous_12)
FNDA:4,(anonymous_13)
FNDA:6,(anonymous_14)
FNDA:7,(anonymous_15)
FNDA:8,(anonymous_16)
DA:34,9
DA:49,41
DA:50,0
DA:53,0
DA:56,41
DA:57,41
DA:59,41
DA:62,41
DA:63,41
DA:65,41
DA:66,56
DA:67,56
DA:71,41
DA:72,41
DA:75,41
DA:77,41
DA:79,76
DA:80,76
DA:81,76
DA:82,76
DA:83,76
DA:87,76
DA:88,76
DA:89,76
DA:92,76
DA:93,31
DA:94,31
DA:95,31
DA:96,31
DA:97,31
DA:98,28
DA:104,76
DA:105,76
DA:106,76
DA:110,76
DA:113,41
DA:114,38
DA:115,38
DA:116,38
DA:120,41
DA:121,63
DA:123,63
DA:125,4
DA:128,33
DA:129,32
DA:131,32
DA:132,29
DA:135,32
DA:137,32
DA:145,41
DA:146,6
DA:147,6
DA:148,6
DA:150,6
DA:151,10
DA:152,10
DA:154,10
DA:155,9
DA:158,10
DA:159,10
DA:161,10
DA:162,10
DA:167,6
DA:168,6
DA:172,6
DA:173,6
DA:181,41
DA:182,10
DA:183,10
DA:192,41
DA:193,4
DA:194,4
DA:203,41
DA:204,6
DA:205,6
DA:213,41
DA:215,7
DA:216,4
DA:217,2
DA:218,8
DA:220,2
DA:221,2
DA:225,7
DA:226,7
DA:227,7
DA:228,7
DA:230,7
DA:233,41
DA:235,41
DA:236,39
DA:240,41
DA:241,5
DA:242,5
DA:245,0
DA:250,41
LF:95
LH:92
BRDA:34,0,0,41
BRDA:35,1,0,41
BRDA:36,2,0,41
BRDA:37,3,0,41
BRDA:38,4,0,41
BRDA:42,5,0,41
BRDA:43,6,0,41
BRDA:44,7,0,41
BRDA:45,8,0,41
BRDA:46,9,0,41
BRDA:47,10,0,41
BRDA:49,11,0,0
BRDA:49,11,1,41
BRDA:57,12,0,0
BRDA:57,12,1,41
BRDA:81,13,0,76
BRDA:81,13,1,0
BRDA:97,14,0,28
BRDA:97,14,1,3
BRDA:104,15,0,76
BRDA:104,15,1,0
BRDA:114,16,0,0
BRDA:114,16,1,38
BRDA:114,17,0,38
BRDA:114,17,1,38
BRDA:128,18,0,32
BRDA:128,18,1,1
BRDA:131,19,0,29
BRDA:131,19,1,3
BRDA:151,20,0,10
BRDA:151,20,1,0
BRDA:154,21,0,9
BRDA:154,21,1,1
BRDA:158,22,0,10
BRDA:158,22,1,0
BRDA:167,23,0,6
BRDA:167,23,1,0
BRDA:167,24,0,6
BRDA:167,24,1,6
BRDA:172,25,0,6
BRDA:172,25,1,0
BRDA:182,26,0,10
BRDA:182,26,1,0
BRDA:193,27,0,4
BRDA:193,27,1,0
BRDA:204,28,0,6
BRDA:204,28,1,0
BRDA:204,29,0,6
BRDA:204,29,1,6
BRDA:215,30,0,4
BRDA:215,30,1,3
BRDA:216,31,0,2
BRDA:216,31,1,2
BRDA:218,32,0,4
BRDA:218,32,1,4
BRDA:220,33,0,2
BRDA:220,33,1,0
BRDA:235,34,0,39
BRDA:235,34,1,2
BRDA:235,35,0,41
BRDA:235,35,1,39
BRDA:235,35,2,39
BRDA:240,36,0,5
BRDA:240,36,1,36
BRF:64
BRH:51
end_of_record
TN:
SF:src/utils/dom/dom-utils.js
FN:3,(anonymous_0)
FN:9,onDOMReady
FNF:2
FNH:1
FNDA:41,(anonymous_0)
FNDA:0,onDOMReady
DA:3,41
DA:10,0
DA:11,0
DA:13,0
LF:4
LH:1
BRDA:10,0,0,0
BRDA:10,0,1,0
BRF:2
BRH:0
end_of_record
TN:
SF:src/utils/dom/wip-interop/native-web/vanElla.js
FN:3,(anonymous_0)
FN:4,(anonymous_1)
FN:5,(anonymous_2)
FN:6,(anonymous_3)
FN:9,defineComponent
FN:29,(anonymous_5)
FN:32,(anonymous_6)
FN:36,(anonymous_7)
FN:89,(anonymous_8)
FN:90,(anonymous_9)
FN:110,(anonymous_10)
FN:135,(anonymous_11)
FN:148,(anonymous_12)
FN:151,(anonymous_13)
FN:176,(anonymous_14)
FN:197,(anonymous_15)
FN:206,(anonymous_16)
FN:211,(anonymous_17)
FNF:18
FNH:9
FNDA:4,(anonymous_0)
FNDA:0,(anonymous_1)
FNDA:0,(anonymous_2)
FNDA:2,(anonymous_3)
FNDA:2,defineComponent
FNDA:2,(anonymous_5)
FNDA:2,(anonymous_6)
FNDA:2,(anonymous_7)
FNDA:0,(anonymous_8)
FNDA:0,(anonymous_9)
FNDA:2,(anonymous_10)
FNDA:0,(anonymous_11)
FNDA:2,(anonymous_12)
FNDA:0,(anonymous_13)
FNDA:0,(anonymous_14)
FNDA:0,(anonymous_15)
FNDA:2,(anonymous_16)
FNDA:0,(anonymous_17)
DA:3,4
DA:4,1
DA:5,0
DA:6,1
DA:7,2
DA:26,2
DA:30,2
DA:31,2
DA:32,2
DA:37,2
DA:38,2
DA:39,2
DA:40,2
DA:41,2
DA:46,2
DA:47,2
DA:49,2
DA:50,2
DA:55,2
DA:59,2
DA:60,1
DA:63,1
DA:70,1
DA:73,1
DA:75,0
DA:76,0
DA:85,2
DA:86,2
DA:88,1
DA:89,0
DA:91,0
DA:92,0
DA:94,0
DA:96,0
DA:97,0
DA:98,0
DA:99,0
DA:100,0
DA:102,0
DA:111,2
DA:114,2
DA:116,2
DA:117,2
DA:118,2
DA:119,2
DA:120,0
DA:128,2
DA:130,2
DA:133,2
DA:134,2
DA:135,0
DA:137,0
DA:141,2
DA:151,2
DA:152,0
DA:153,0
DA:161,0
DA:162,0
DA:163,0
DA:164,0
DA:165,0
DA:166,0
DA:167,0
DA:168,0
DA:170,0
DA:176,2
DA:177,0
DA:178,0
DA:187,2
DA:198,0
DA:199,0
DA:200,0
DA:201,0
DA:202,0
DA:203,0
DA:207,2
DA:208,2
DA:212,0
DA:213,0
DA:214,0
DA:218,2
DA:219,2
LF:82
LH:44
BRDA:7,0,0,2
BRDA:7,0,1,2
BRDA:11,1,0,2
BRDA:12,2,0,2
BRDA:14,3,0,2
BRDA:15,4,0,2
BRDA:16,5,0,2
BRDA:17,6,0,2
BRDA:18,7,0,2
BRDA:19,8,0,2
BRDA:22,9,0,2
BRDA:23,10,0,2
BRDA:26,11,0,0
BRDA:26,11,1,2
BRDA:30,12,0,0
BRDA:30,12,1,2
BRDA:38,13,0,2
BRDA:38,13,1,0
BRDA:47,14,0,2
BRDA:47,14,1,0
BRDA:59,15,0,1
BRDA:59,15,1,1
BRDA:59,16,0,2
BRDA:59,16,1,2
BRDA:86,17,0,1
BRDA:86,17,1,1
BRDA:86,18,0,2
BRDA:86,18,1,2
BRDA:89,19,0,0
BRDA:89,19,1,0
BRDA:91,20,0,0
BRDA:91,20,1,0
BRDA:96,21,0,0
BRDA:96,21,1,0
BRDA:96,22,0,0
BRDA:96,22,1,0
BRDA:98,23,0,0
BRDA:98,23,1,0
BRDA:99,24,0,0
BRDA:99,24,1,0
BRDA:111,25,0,0
BRDA:111,25,1,2
BRDA:116,26,0,2
BRDA:116,26,1,0
BRDA:119,27,0,0
BRDA:119,27,1,2
BRDA:130,28,0,2
BRDA:130,28,1,0
BRDA:152,29,0,0
BRDA:152,29,1,0
BRDA:161,30,0,0
BRDA:161,30,1,0
BRDA:164,31,0,0
BRDA:164,31,1,0
BRDA:166,32,0,0
BRDA:166,32,1,0
BRDA:167,33,0,0
BRDA:167,33,1,0
BRDA:177,34,0,0
BRDA:177,34,1,0
BRDA:198,35,0,0
BRDA:198,35,1,0
BRDA:201,36,0,0
BRDA:201,36,1,0
BRDA:212,37,0,0
BRDA:212,37,1,0
BRDA:213,38,0,0
BRDA:213,38,1,0
BRF:68
BRH:28
end_of_record
TN:
SF:src/utils/env/isMobileDevice.js
FN:8,isMobileDevice
FNF:1
FNH:0
FNDA:0,isMobileDevice
DA:9,0
DA:10,0
DA:12,0
DA:15,0
DA:17,0
DA:20,0
DA:23,0
DA:25,0
DA:27,0
DA:28,0
DA:37,0
LF:11
LH:0
BRDA:8,0,0,0
BRDA:9,1,0,0
BRDA:9,1,1,0
BRDA:9,2,0,0
BRDA:9,2,1,0
BRDA:12,3,0,0
BRDA:12,3,1,0
BRDA:12,3,2,0
BRDA:17,4,0,0
BRDA:17,4,1,0
BRDA:17,4,2,0
BRDA:20,5,0,0
BRDA:20,5,1,0
BRDA:20,5,2,0
BRDA:25,6,0,0
BRDA:25,6,1,0
BRDA:27,7,0,0
BRDA:27,7,1,0
BRF:18
BRH:0
end_of_record
TN:
SF:src/utils/ui/clickOutside.js
FN:15,onClickOutside
FN:33,(anonymous_1)
FN:50,(anonymous_2)
FN:57,(anonymous_3)
FN:63,cleanup
FN:64,(anonymous_5)
FN:71,onDoubleClickOutside
FNF:7
FNH:0
FNDA:0,onClickOutside
FNDA:0,(anonymous_1)
FNDA:0,(anonymous_2)
FNDA:0,(anonymous_3)
FNDA:0,cleanup
FNDA:0,(anonymous_5)
FNDA:0,onDoubleClickOutside
DA:16,0
DA:17,0
DA:28,0
DA:31,0
DA:33,0
DA:34,0
DA:35,0
DA:37,0
DA:39,0
DA:40,0
DA:41,0
DA:43,0
DA:46,0
DA:50,0
DA:51,0
DA:52,0
DA:57,0
DA:58,0
DA:60,0
DA:63,0
DA:64,0
DA:65,0
DA:67,0
DA:72,0
LF:24
LH:0
BRDA:15,0,0,0
BRDA:16,1,0,0
BRDA:16,1,1,0
BRDA:16,2,0,0
BRDA:16,2,1,0
BRDA:25,3,0,0
BRDA:26,4,0,0
BRDA:27,5,0,0
BRDA:31,6,0,0
BRDA:31,6,1,0
BRDA:37,7,0,0
BRDA:37,7,1,0
BRDA:40,8,0,0
BRDA:40,8,1,0
BRDA:40,9,0,0
BRDA:40,9,1,0
BRDA:40,9,2,0
BRDA:41,10,0,0
BRDA:41,10,1,0
BRDA:51,11,0,0
BRDA:51,11,1,0
BRDA:51,12,0,0
BRDA:51,12,1,0
BRDA:60,13,0,0
BRDA:60,13,1,0
BRDA:67,14,0,0
BRDA:67,14,1,0
BRDA:71,15,0,0
BRF:28
BRH:0
end_of_record
TN:
SF:src/utils/ui/showHideOnInactivity.js
FN:15,setupShowHideOnInactivity
FN:26,(anonymous_1)
FN:43,(anonymous_2)
FN:46,showAndSchedule
FN:60,(anonymous_4)
FN:73,(anonymous_5)
FN:77,onVisibilityChange
FN:98,onMouseOut
FN:120,onKeyDownForEsc
FN:138,onTouchEnd
FN:147,cleanup
FN:148,(anonymous_11)
FNF:12
FNH:0
FNDA:0,setupShowHideOnInactivity
FNDA:0,(anonymous_1)
FNDA:0,(anonymous_2)
FNDA:0,showAndSchedule
FNDA:0,(anonymous_4)
FNDA:0,(anonymous_5)
FNDA:0,onVisibilityChange
FNDA:0,onMouseOut
FNDA:0,onKeyDownForEsc
FNDA:0,onTouchEnd
FNDA:0,cleanup
FNDA:0,(anonymous_11)
DA:26,0
DA:28,0
DA:30,0
DA:42,0
DA:43,0
DA:47,0
DA:50,0
DA:51,0
DA:53,0
DA:56,0
DA:57,0
DA:60,0
DA:61,0
DA:63,0
DA:64,0
DA:66,0
DA:69,0
DA:73,0
DA:74,0
DA:78,0
DA:79,0
DA:80,0
DA:81,0
DA:83,0
DA:84,0
DA:86,0
DA:92,0
DA:96,0
DA:100,0
DA:101,0
DA:102,0
DA:103,0
DA:105,0
DA:106,0
DA:107,0
DA:109,0
DA:117,0
DA:121,0
DA:122,0
DA:123,0
DA:124,0
DA:125,0
DA:127,0
DA:128,0
DA:129,0
DA:131,0
DA:136,0
DA:139,0
DA:141,0
DA:144,0
DA:148,0
DA:149,0
DA:151,0
DA:152,0
DA:153,0
DA:154,0
DA:155,0
DA:156,0
DA:157,0
DA:161,0
LF:60
LH:0
BRDA:17,0,0,0
BRDA:18,1,0,0
BRDA:19,2,0,0
BRDA:20,3,0,0
BRDA:21,4,0,0
BRDA:22,5,0,0
BRDA:23,6,0,0
BRDA:26,7,0,0
BRDA:26,7,1,0
BRDA:43,8,0,0
BRDA:43,8,1,0
BRDA:51,9,0,0
BRDA:51,9,1,0
BRDA:56,10,0,0
BRDA:56,10,1,0
BRDA:64,11,0,0
BRDA:64,11,1,0
BRDA:78,12,0,0
BRDA:78,12,1,0
BRDA:79,13,0,0
BRDA:79,13,1,0
BRDA:100,14,0,0
BRDA:100,14,1,0
BRDA:101,15,0,0
BRDA:101,15,1,0
BRDA:107,16,0,0
BRDA:107,16,1,0
BRDA:121,17,0,0
BRDA:121,17,1,0
BRDA:122,18,0,0
BRDA:122,18,1,0
BRDA:122,19,0,0
BRDA:122,19,1,0
BRDA:123,20,0,0
BRDA:123,20,1,0
BRDA:129,21,0,0
BRDA:129,21,1,0
BRDA:139,22,0,0
BRDA:139,22,1,0
BRDA:155,23,0,0
BRDA:155,23,1,0
BRF:41
BRH:0
end_of_record
TN:
SF:src/utils/ui/ui-utils.js
FN:1,(anonymous_0)
FN:15,(anonymous_1)
FN:21,(anonymous_2)
FN:27,(anonymous_3)
FN:33,(anonymous_4)
FN:37,(anonymous_5)
FN:54,(anonymous_6)
FN:70,(anonymous_7)
FN:84,isElementInPictureInPicture
FNF:9
FNH:0
FNDA:0,(anonymous_0)
FNDA:0,(anonymous_1)
FNDA:0,(anonymous_2)
FNDA:0,(anonymous_3)
FNDA:0,(anonymous_4)
FNDA:0,(anonymous_5)
FNDA:0,(anonymous_6)
FNDA:0,(anonymous_7)
FNDA:0,isElementInPictureInPicture
DA:1,3
DA:2,0
DA:3,0
DA:9,0
DA:10,0
DA:12,0
DA:15,3
DA:16,0
DA:18,0
DA:21,3
DA:22,0
DA:24,0
DA:27,3
DA:28,0
DA:30,0
DA:33,3
DA:34,0
DA:37,3
DA:38,0
DA:39,0
DA:41,0
DA:44,0
DA:45,0
DA:47,0
DA:48,0
DA:49,0
DA:50,0
DA:51,0
DA:52,0
DA:53,0
DA:54,0
DA:55,0
DA:57,0
DA:58,0
DA:59,0
DA:62,0
DA:63,0
DA:64,0
DA:70,3
DA:71,0
DA:72,0
DA:74,0
DA:75,0
DA:85,0
LF:44
LH:7
BRDA:2,0,0,0
BRDA:2,0,1,0
BRDA:5,1,0,0
BRDA:5,1,1,0
BRDA:16,2,0,0
BRDA:16,2,1,0
BRDA:22,3,0,0
BRDA:22,3,1,0
BRDA:24,4,0,0
BRDA:24,4,1,0
BRDA:28,5,0,0
BRDA:28,5,1,0
BRDA:30,6,0,0
BRDA:30,6,1,0
BRDA:38,7,0,0
BRDA:38,7,1,0
BRDA:39,8,0,0
BRDA:39,8,1,0
BRDA:44,9,0,0
BRDA:44,9,1,0
BRDA:55,10,0,0
BRDA:55,10,1,0
BRDA:71,11,0,0
BRDA:71,11,1,0
BRDA:75,12,0,0
BRDA:75,12,1,0
BRF:26
BRH:0
end_of_record
TN:
SF:src/webrtc/call-controller.js
FN:23,createCallController
FN:28,(anonymous_1)
FN:31,(anonymous_2)
FN:35,(anonymous_3)
FN:39,(anonymous_4)
FN:52,(anonymous_5)
FN:57,(anonymous_6)
FN:73,(anonymous_7)
FN:86,(anonymous_8)
FN:89,(anonymous_9)
FN:97,(anonymous_10)
FN:106,(anonymous_11)
FN:112,(anonymous_12)
FN:168,(anonymous_13)
FN:172,(anonymous_14)
FN:175,(anonymous_15)
FN:199,(anonymous_16)
FN:205,(anonymous_17)
FN:219,(anonymous_18)
FN:260,(anonymous_19)
FN:264,(anonymous_20)
FN:295,(anonymous_21)
FN:299,(anonymous_22)
FN:325,(anonymous_23)
FN:363,(anonymous_24)
FN:398,(anonymous_25)
FN:439,(anonymous_26)
FN:451,(anonymous_27)
FN:507,(anonymous_28)
FN:511,(anonymous_29)
FN:539,(anonymous_30)
FN:570,(anonymous_31)
FN:578,(anonymous_32)
FN:586,(anonymous_33)
FN:599,(anonymous_34)
FN:650,(anonymous_35)
FN:658,(anonymous_36)
FNF:37
FNH:26
FNDA:0,createCallController
FNDA:3,(anonymous_1)
FNDA:15,(anonymous_2)
FNDA:0,(anonymous_3)
FNDA:40,(anonymous_4)
FNDA:3,(anonymous_5)
FNDA:52,(anonymous_6)
FNDA:7,(anonymous_7)
FNDA:15,(anonymous_8)
FNDA:0,(anonymous_9)
FNDA:1,(anonymous_10)
FNDA:11,(anonymous_11)
FNDA:0,(anonymous_12)
FNDA:10,(anonymous_13)
FNDA:0,(anonymous_14)
FNDA:0,(anonymous_15)
FNDA:10,(anonymous_16)
FNDA:0,(anonymous_17)
FNDA:0,(anonymous_18)
FNDA:11,(anonymous_19)
FNDA:0,(anonymous_20)
FNDA:11,(anonymous_21)
FNDA:0,(anonymous_22)
FNDA:16,(anonymous_23)
FNDA:11,(anonymous_24)
FNDA:10,(anonymous_25)
FNDA:2,(anonymous_26)
FNDA:0,(anonymous_27)
FNDA:7,(anonymous_28)
FNDA:7,(anonymous_29)
FNDA:11,(anonymous_30)
FNDA:16,(anonymous_31)
FNDA:40,(anonymous_32)
FNDA:2,(anonymous_33)
FNDA:22,(anonymous_34)
FNDA:16,(anonymous_35)
FNDA:16,(anonymous_36)
DA:24,0
DA:29,3
DA:32,15
DA:33,15
DA:36,0
DA:37,0
DA:40,40
DA:41,36
DA:42,55
DA:43,55
DA:45,0
DA:53,3
DA:54,3
DA:58,52
DA:59,52
DA:60,52
DA:61,52
DA:62,52
DA:63,52
DA:64,52
DA:65,52
DA:66,52
DA:67,52
DA:68,52
DA:69,52
DA:70,52
DA:74,7
DA:87,15
DA:90,0
DA:98,1
DA:107,11
DA:109,11
DA:110,11
DA:112,11
DA:113,0
DA:114,0
DA:115,0
DA:116,0
DA:118,0
DA:119,0
DA:122,0
DA:123,0
DA:124,0
DA:127,0
DA:131,0
DA:132,0
DA:133,0
DA:138,0
DA:139,0
DA:143,0
DA:148,11
DA:151,11
DA:152,7
DA:154,11
DA:169,10
DA:171,10
DA:172,10
DA:173,0
DA:174,0
DA:175,0
DA:176,0
DA:181,10
DA:184,10
DA:185,6
DA:187,10
DA:200,10
DA:202,10
DA:203,10
DA:205,10
DA:206,0
DA:207,0
DA:209,0
DA:210,0
DA:213,0
DA:215,0
DA:218,0
DA:219,0
DA:222,0
DA:224,0
DA:228,0
DA:229,0
DA:234,0
DA:235,0
DA:236,0
DA:242,10
DA:245,10
DA:246,6
DA:248,10
DA:261,11
DA:263,11
DA:264,11
DA:265,0
DA:267,0
DA:270,0
DA:278,11
DA:281,11
DA:282,7
DA:284,11
DA:296,11
DA:298,11
DA:299,11
DA:300,0
DA:302,0
DA:310,11
DA:313,11
DA:314,7
DA:316,11
DA:327,16
DA:328,16
DA:329,15
DA:330,35
DA:333,35
DA:334,21
DA:337,0
DA:342,0
DA:345,16
DA:349,16
DA:350,16
DA:351,16
DA:353,0
DA:364,11
DA:365,11
DA:367,11
DA:368,0
DA:370,11
DA:371,0
DA:374,11
DA:375,11
DA:376,1
DA:377,1
DA:378,1
DA:379,1
DA:383,10
DA:384,10
DA:385,10
DA:386,11
DA:387,11
DA:388,11
DA:389,11
DA:392,11
DA:393,6
DA:398,10
DA:399,10
DA:402,10
DA:405,10
DA:408,10
DA:409,10
DA:420,10
DA:425,10
DA:427,0
DA:428,0
DA:429,0
DA:430,0
DA:440,2
DA:441,2
DA:443,2
DA:444,0
DA:446,2
DA:447,0
DA:451,2
DA:452,0
DA:455,2
DA:459,2
DA:460,1
DA:461,1
DA:462,1
DA:463,1
DA:467,1
DA:468,1
DA:469,1
DA:470,2
DA:474,2
DA:475,1
DA:477,1
DA:480,1
DA:481,1
DA:485,1
DA:488,1
DA:489,1
DA:491,1
DA:492,1
DA:494,0
DA:495,0
DA:496,0
DA:497,0
DA:508,7
DA:511,7
DA:512,7
DA:514,7
DA:517,7
DA:520,7
DA:522,7
DA:524,7
DA:528,7
DA:529,7
DA:531,0
DA:541,11
DA:542,5
DA:544,5
DA:545,5
DA:546,5
DA:547,5
DA:549,0
DA:554,5
DA:556,5
DA:558,0
DA:559,0
DA:561,5
DA:571,16
DA:572,13
DA:578,40
DA:587,2
DA:601,22
DA:602,16
DA:604,16
DA:606,16
DA:607,16
DA:610,16
DA:613,16
DA:614,16
DA:620,16
DA:621,16
DA:622,16
DA:623,16
DA:625,16
DA:632,16
DA:633,16
DA:634,1
DA:637,0
DA:640,16
DA:641,16
DA:642,0
DA:645,0
DA:649,16
DA:650,16
DA:651,16
DA:653,0
DA:657,16
DA:658,16
DA:659,0
DA:665,16
DA:666,4
DA:674,16
DA:675,16
DA:676,16
DA:678,16
DA:682,16
DA:683,0
DA:684,0
DA:686,0
DA:691,16
DA:692,16
DA:698,0
DA:699,0
DA:701,16
DA:707,3
LF:256
LH:181
BRDA:32,0,0,9
BRDA:32,0,1,6
BRDA:36,1,0,0
BRDA:36,1,1,0
BRDA:40,2,0,4
BRDA:40,2,1,36
BRDA:107,3,0,0
BRDA:107,3,1,11
BRDA:114,4,0,0
BRDA:114,4,1,0
BRDA:115,5,0,0
BRDA:115,5,1,0
BRDA:123,6,0,0
BRDA:123,6,1,0
BRDA:132,7,0,0
BRDA:132,7,1,0
BRDA:140,8,0,0
BRDA:140,8,1,0
BRDA:151,9,0,7
BRDA:151,9,1,4
BRDA:169,10,0,0
BRDA:169,10,1,10
BRDA:169,11,0,10
BRDA:169,11,1,10
BRDA:174,12,0,0
BRDA:174,12,1,0
BRDA:184,13,0,6
BRDA:184,13,1,4
BRDA:200,14,0,0
BRDA:200,14,1,10
BRDA:207,15,0,0
BRDA:207,15,1,0
BRDA:209,16,0,0
BRDA:209,16,1,0
BRDA:213,17,0,0
BRDA:213,17,1,0
BRDA:222,18,0,0
BRDA:222,18,1,0
BRDA:235,19,0,0
BRDA:235,19,1,0
BRDA:245,20,0,6
BRDA:245,20,1,4
BRDA:261,21,0,0
BRDA:261,21,1,11
BRDA:265,22,0,0
BRDA:265,22,1,0
BRDA:281,23,0,7
BRDA:281,23,1,4
BRDA:296,24,0,0
BRDA:296,24,1,11
BRDA:300,25,0,0
BRDA:300,25,1,0
BRDA:300,26,0,0
BRDA:300,26,1,0
BRDA:313,27,0,7
BRDA:313,27,1,4
BRDA:333,28,0,21
BRDA:333,28,1,14
BRDA:349,29,0,16
BRDA:349,29,1,0
BRDA:363,30,0,11
BRDA:367,31,0,0
BRDA:367,31,1,11
BRDA:370,32,0,0
BRDA:370,32,1,11
BRDA:375,33,0,1
BRDA:375,33,1,10
BRDA:375,34,0,11
BRDA:375,34,1,11
BRDA:385,35,0,10
BRDA:385,35,1,3
BRDA:386,36,0,11
BRDA:386,36,1,0
BRDA:387,37,0,11
BRDA:387,37,1,4
BRDA:388,38,0,11
BRDA:388,38,1,4
BRDA:392,39,0,6
BRDA:392,39,1,5
BRDA:439,40,0,2
BRDA:443,41,0,0
BRDA:443,41,1,2
BRDA:446,42,0,0
BRDA:446,42,1,2
BRDA:459,43,0,1
BRDA:459,43,1,1
BRDA:459,44,0,2
BRDA:459,44,1,2
BRDA:469,45,0,1
BRDA:469,45,1,0
BRDA:470,46,0,2
BRDA:470,46,1,0
BRDA:474,47,0,1
BRDA:474,47,1,1
BRDA:474,48,0,2
BRDA:474,48,1,1
BRDA:480,49,0,1
BRDA:480,49,1,0
BRDA:508,50,0,0
BRDA:508,50,1,7
BRDA:528,51,0,7
BRDA:528,51,1,0
BRDA:539,52,0,11
BRDA:539,53,0,11
BRDA:539,54,0,11
BRDA:541,55,0,6
BRDA:541,55,1,5
BRDA:545,56,0,5
BRDA:545,56,1,0
BRDA:545,57,0,5
BRDA:545,57,1,5
BRDA:571,58,0,3
BRDA:571,58,1,13
BRDA:589,59,0,2
BRDA:589,59,1,2
BRDA:589,59,2,0
BRDA:589,59,3,0
BRDA:599,60,0,22
BRDA:601,61,0,6
BRDA:601,61,1,16
BRDA:621,62,0,16
BRDA:621,62,1,0
BRDA:633,63,0,1
BRDA:633,63,1,15
BRDA:641,64,0,0
BRDA:641,64,1,16
BRDA:665,65,0,4
BRDA:665,65,1,12
BRDA:682,66,0,0
BRDA:682,66,1,16
BRDA:682,67,0,16
BRDA:682,67,1,0
BRF:132
BRH:79
end_of_record
TN:
SF:src/webrtc/call-flow.js
FN:53,createCall
FN:169,answerCall
FN:236,(anonymous_2)
FN:332,joinOrCreateRoom
FNF:4
FNH:2
FNDA:1,createCall
FNDA:1,answerCall
FNDA:0,(anonymous_2)
FNDA:0,joinOrCreateRoom
DA:64,1
DA:65,1
DA:66,1
DA:72,0
DA:73,0
DA:74,0
DA:75,1
DA:82,1
DA:85,1
DA:88,1
DA:93,1
DA:94,0
DA:95,0
DA:96,0
DA:97,0
DA:101,0
DA:104,0
DA:109,0
DA:110,0
DA:112,0
DA:125,0
DA:130,0
DA:132,0
DA:134,0
DA:182,1
DA:184,1
DA:185,1
DA:186,1
DA:189,0
DA:190,0
DA:191,0
DA:195,0
DA:196,0
DA:197,0
DA:198,0
DA:200,0
DA:201,0
DA:202,0
DA:207,0
DA:208,0
DA:210,0
DA:211,0
DA:214,0
DA:215,0
DA:216,0
DA:217,0
DA:223,0
DA:224,0
DA:225,0
DA:232,0
DA:235,0
DA:236,0
DA:237,0
DA:238,0
DA:242,0
DA:247,0
DA:248,0
DA:249,0
DA:250,0
DA:251,0
DA:255,0
DA:258,0
DA:260,0
DA:267,0
DA:270,0
DA:271,0
DA:272,0
DA:274,0
DA:275,0
DA:276,0
DA:277,0
DA:285,0
DA:288,0
DA:307,0
DA:309,0
DA:337,0
DA:339,0
DA:341,0
DA:342,0
DA:345,0
DA:347,0
DA:348,0
DA:352,0
DA:353,0
LF:84
LH:12
BRDA:59,0,0,1
BRDA:64,1,0,1
BRDA:64,1,1,0
BRDA:74,2,0,0
BRDA:74,2,1,0
BRDA:93,3,0,0
BRDA:93,3,1,1
BRDA:176,4,0,1
BRDA:184,5,0,1
BRDA:184,5,1,0
BRDA:189,6,0,0
BRDA:189,6,1,0
BRDA:196,7,0,0
BRDA:196,7,1,0
BRDA:200,8,0,0
BRDA:200,8,1,0
BRDA:215,9,0,0
BRDA:215,9,1,0
BRDA:247,10,0,0
BRDA:247,10,1,0
BRDA:339,11,0,0
BRDA:339,11,1,0
BRDA:345,12,0,0
BRDA:345,12,1,0
BRF:24
BRH:5
end_of_record
TN:
SF:src/webrtc/ice.js
FN:14,setupIceCandidates
FN:35,setupLocalCandidateSender
FN:36,(anonymous_2)
FN:50,setupRemoteCandidateListener
FN:58,(anonymous_4)
FN:62,(anonymous_5)
FN:72,(anonymous_6)
FN:116,drainIceCandidateQueue
FN:131,(anonymous_8)
FNF:9
FNH:7
FNDA:10,setupIceCandidates
FNDA:10,setupLocalCandidateSender
FNDA:0,(anonymous_2)
FNDA:10,setupRemoteCandidateListener
FNDA:6,(anonymous_4)
FNDA:1,(anonymous_5)
FNDA:20,(anonymous_6)
FNDA:7,drainIceCandidateQueue
FNDA:0,(anonymous_8)
DA:12,4
DA:15,10
DA:16,0
DA:20,10
DA:21,10
DA:24,10
DA:25,7
DA:26,7
DA:27,3
DA:28,3
DA:29,3
DA:31,0
DA:36,10
DA:37,0
DA:38,0
DA:40,0
DA:43,0
DA:45,0
DA:52,10
DA:57,10
DA:58,10
DA:59,6
DA:60,6
DA:62,6
DA:63,1
DA:64,1
DA:65,1
DA:69,6
DA:72,10
DA:73,20
DA:75,20
DA:78,20
DA:79,1
DA:80,1
DA:83,19
DA:84,1
DA:88,18
DA:89,5
DA:90,5
DA:92,0
DA:96,13
DA:97,13
DA:98,13
DA:99,13
DA:101,13
DA:102,6
DA:108,10
DA:117,7
DA:118,0
DA:121,7
DA:122,7
DA:123,2
DA:126,5
DA:129,5
DA:130,11
DA:131,11
DA:132,0
DA:135,1
DA:140,5
LF:59
LH:49
BRDA:15,0,0,0
BRDA:15,0,1,10
BRDA:15,1,0,10
BRDA:15,1,1,10
BRDA:20,2,0,10
BRDA:20,2,1,0
BRDA:24,3,0,7
BRDA:24,3,1,3
BRDA:27,4,0,3
BRDA:27,4,1,0
BRDA:37,5,0,0
BRDA:37,5,1,0
BRDA:40,6,0,0
BRDA:40,6,1,0
BRDA:52,7,0,3
BRDA:52,7,1,7
BRDA:59,8,0,0
BRDA:59,8,1,6
BRDA:63,9,0,1
BRDA:63,9,1,0
BRDA:78,10,0,1
BRDA:78,10,1,19
BRDA:78,11,0,20
BRDA:78,11,1,20
BRDA:83,12,0,1
BRDA:83,12,1,18
BRDA:88,13,0,5
BRDA:88,13,1,13
BRDA:98,14,0,13
BRDA:98,14,1,0
BRDA:101,15,0,6
BRDA:101,15,1,7
BRDA:117,16,0,0
BRDA:117,16,1,7
BRDA:117,17,0,7
BRDA:117,17,1,7
BRDA:122,18,0,2
BRDA:122,18,1,5
BRF:38
BRH:27
end_of_record
TN:
SF:src/webrtc/webrtc-utils.js
FN:33,isDuplicateSdp
FN:54,isValidSignalingState
FN:73,addLocalTracks
FN:74,(anonymous_3)
FN:84,createOffer
FN:95,createAnswer
FN:108,setRemoteDescription
FN:139,generateRoomId
FNF:8
FNH:0
FNDA:0,isDuplicateSdp
FNDA:0,isValidSignalingState
FNDA:0,addLocalTracks
FNDA:0,(anonymous_3)
FNDA:0,createOffer
FNDA:0,createAnswer
FNDA:0,setRemoteDescription
FNDA:0,generateRoomId
DA:12,1
DA:24,1
DA:34,0
DA:35,0
DA:37,0
DA:38,0
DA:40,0
DA:41,0
DA:44,0
DA:45,0
DA:55,0
DA:57,0
DA:59,0
DA:62,0
DA:74,0
DA:75,0
DA:85,0
DA:86,0
DA:87,0
DA:96,0
DA:97,0
DA:98,0
DA:110,0
DA:111,0
DA:112,0
DA:116,0
DA:117,0
DA:121,0
DA:124,0
DA:125,0
DA:126,0
DA:127,0
DA:128,0
DA:130,0
DA:131,0
DA:140,0
LF:36
LH:2
BRDA:34,0,0,0
BRDA:34,0,1,0
BRDA:38,1,0,0
BRDA:38,1,1,0
BRDA:40,2,0,0
BRDA:40,2,1,0
BRDA:55,3,0,0
BRDA:55,3,1,0
BRDA:57,4,0,0
BRDA:57,4,1,0
BRDA:63,5,0,0
BRDA:63,5,1,0
BRDA:110,6,0,0
BRDA:110,6,1,0
BRDA:116,7,0,0
BRDA:116,7,1,0
BRF:16
BRH:0
end_of_record
TN:
SF:src/webrtc/webrtc.js
FN:12,setupConnectionStateHandlers
FN:15,(anonymous_1)
FN:22,(anonymous_2)
FN:35,(anonymous_3)
FN:60,(anonymous_4)
FNF:5
FNH:0
FNDA:0,setupConnectionStateHandlers
FNDA:0,(anonymous_1)
FNDA:0,(anonymous_2)
FNDA:0,(anonymous_3)
FNDA:0,(anonymous_4)
DA:9,1
DA:10,1
DA:13,0
DA:15,0
DA:16,0
DA:18,0
DA:19,0
DA:20,0
DA:22,0
DA:23,0
DA:26,0
DA:27,0
DA:28,0
DA:30,0
DA:31,0
DA:34,0
DA:35,0
DA:37,0
DA:38,0
DA:40,0
DA:44,0
DA:46,0
DA:47,0
DA:48,0
DA:50,0
DA:51,0
DA:52,0
DA:56,0
DA:60,0
DA:61,0
DA:62,0
DA:65,0
DA:66,0
LF:33
LH:2
BRDA:18,0,0,0
BRDA:18,0,1,0
BRDA:26,1,0,0
BRDA:26,1,1,0
BRDA:30,2,0,0
BRDA:30,2,1,0
BRDA:34,3,0,0
BRDA:34,3,1,0
BRDA:37,4,0,0
BRDA:37,4,1,0
BRDA:37,5,0,0
BRDA:37,5,1,0
BRDA:46,6,0,0
BRDA:46,6,1,0
BRDA:50,7,0,0
BRDA:50,7,1,0
BRDA:62,8,0,0
BRDA:62,8,1,0
BRF:18
BRH:0
end_of_record
